<?xml version="1.0" encoding="UTF-8"?>
<testsuite name="com.susu.book.springboot.web.IndexControllerTest" tests="1" skipped="0" failures="0" errors="0" timestamp="2020-04-18T15:11:57" hostname="csw111" time="0.397">
  <properties/>
  <testcase name="메인페이지_로딩" classname="com.susu.book.springboot.web.IndexControllerTest" time="0.397"/>
  <system-out><![CDATA[2020-04-19 00:11:50.243  INFO 18916 --- [    Test worker] .b.t.c.SpringBootTestContextBootstrapper : Neither @ContextConfiguration nor @ContextHierarchy found for test class [com.susu.book.springboot.web.IndexControllerTest], using SpringBootContextLoader
2020-04-19 00:11:50.243  INFO 18916 --- [    Test worker] o.s.t.c.support.AbstractContextLoader    : Could not detect default resource locations for test class [com.susu.book.springboot.web.IndexControllerTest]: no resource found for suffixes {-context.xml, Context.groovy}.
2020-04-19 00:11:50.243  INFO 18916 --- [    Test worker] t.c.s.AnnotationConfigContextLoaderUtils : Could not detect default configuration classes for test class [com.susu.book.springboot.web.IndexControllerTest]: IndexControllerTest does not declare any static, non-private, non-final, nested classes annotated with @Configuration.
2020-04-19 00:11:50.251  INFO 18916 --- [    Test worker] .b.t.c.SpringBootTestContextBootstrapper : Found @SpringBootConfiguration com.susu.book.springboot.Application for test class com.susu.book.springboot.web.IndexControllerTest
2020-04-19 00:11:50.253  INFO 18916 --- [    Test worker] .b.t.c.SpringBootTestContextBootstrapper : Loaded default TestExecutionListener class names from location [META-INF/spring.factories]: [org.springframework.security.test.context.support.WithSecurityContextTestExecutionListener, org.springframework.security.test.context.support.ReactorContextTestExecutionListener, org.springframework.boot.test.autoconfigure.restdocs.RestDocsTestExecutionListener, org.springframework.boot.test.autoconfigure.web.client.MockRestServiceServerResetTestExecutionListener, org.springframework.boot.test.autoconfigure.web.servlet.MockMvcPrintOnlyOnFailureTestExecutionListener, org.springframework.boot.test.autoconfigure.web.servlet.WebDriverTestExecutionListener, org.springframework.boot.test.mock.mockito.MockitoTestExecutionListener, org.springframework.boot.test.mock.mockito.ResetMocksTestExecutionListener, org.springframework.test.context.web.ServletTestExecutionListener, org.springframework.test.context.support.DirtiesContextBeforeModesTestExecutionListener, org.springframework.test.context.support.DependencyInjectionTestExecutionListener, org.springframework.test.context.support.DirtiesContextTestExecutionListener, org.springframework.test.context.transaction.TransactionalTestExecutionListener, org.springframework.test.context.jdbc.SqlScriptsTestExecutionListener]
2020-04-19 00:11:50.253  INFO 18916 --- [    Test worker] .b.t.c.SpringBootTestContextBootstrapper : Using TestExecutionListeners: [org.springframework.test.context.web.ServletTestExecutionListener@38fa94, org.springframework.test.context.support.DirtiesContextBeforeModesTestExecutionListener@3a89e985, org.springframework.boot.test.mock.mockito.MockitoTestExecutionListener@368fb06b, org.springframework.boot.test.autoconfigure.SpringBootDependencyInjectionTestExecutionListener@281b6dc4, org.springframework.test.context.support.DirtiesContextTestExecutionListener@6f30de09, org.springframework.test.context.transaction.TransactionalTestExecutionListener@1a80c7ab, org.springframework.test.context.jdbc.SqlScriptsTestExecutionListener@51c73078, org.springframework.security.test.context.support.WithSecurityContextTestExecutionListener@224112c9, org.springframework.security.test.context.support.ReactorContextTestExecutionListener@4be8401e, org.springframework.boot.test.autoconfigure.restdocs.RestDocsTestExecutionListener@57c96b57, org.springframework.boot.test.autoconfigure.web.client.MockRestServiceServerResetTestExecutionListener@3f65c526, org.springframework.boot.test.autoconfigure.web.servlet.MockMvcPrintOnlyOnFailureTestExecutionListener@15984f59, org.springframework.boot.test.autoconfigure.web.servlet.WebDriverTestExecutionListener@1c791544, org.springframework.boot.test.mock.mockito.ResetMocksTestExecutionListener@76564f]

  .   ____          _            __ _ _
 /\\ / ___'_ __ _ _(_)_ __  __ _ \ \ \ \
( ( )\___ | '_ | '_| | '_ \/ _` | \ \ \ \
 \\/  ___)| |_)| | | | | || (_| |  ) ) ) )
  '  |____| .__|_| |_|_| |_\__, | / / / /
 =========|_|==============|___/=/_/_/_/
 :: Spring Boot ::        (v2.1.7.RELEASE)

2020-04-19 00:11:50.364  INFO 18916 --- [    Test worker] c.s.b.s.web.IndexControllerTest          : Starting IndexControllerTest on csw111 with PID 18916 (started by sung in C:\Users\c\freelec-springboot-webservice)
2020-04-19 00:11:50.364  INFO 18916 --- [    Test worker] c.s.b.s.web.IndexControllerTest          : No active profile set, falling back to default profiles: default
2020-04-19 00:11:51.355  INFO 18916 --- [    Test worker] .s.d.r.c.RepositoryConfigurationDelegate : Bootstrapping Spring Data repositories in DEFAULT mode.
2020-04-19 00:11:51.454  INFO 18916 --- [    Test worker] .s.d.r.c.RepositoryConfigurationDelegate : Finished Spring Data repository scanning in 91ms. Found 2 repository interfaces.
2020-04-19 00:11:51.719  INFO 18916 --- [    Test worker] trationDelegate$BeanPostProcessorChecker : Bean 'org.springframework.transaction.annotation.ProxyTransactionManagementConfiguration' of type [org.springframework.transaction.annotation.ProxyTransactionManagementConfiguration$$EnhancerBySpringCGLIB$$eab2e5d4] is not eligible for getting processed by all BeanPostProcessors (for example: not eligible for auto-proxying)
2020-04-19 00:11:53.064  INFO 18916 --- [    Test worker] o.s.b.w.embedded.tomcat.TomcatWebServer  : Tomcat initialized with port(s): 0 (http)
2020-04-19 00:11:53.134  INFO 18916 --- [    Test worker] o.apache.catalina.core.StandardService   : Starting service [Tomcat]
2020-04-19 00:11:53.134  INFO 18916 --- [    Test worker] org.apache.catalina.core.StandardEngine  : Starting Servlet engine: [Apache Tomcat/9.0.22]
2020-04-19 00:11:53.780  INFO 18916 --- [    Test worker] o.a.c.c.C.[Tomcat].[localhost].[/]       : Initializing Spring embedded WebApplicationContext
2020-04-19 00:11:53.780  INFO 18916 --- [    Test worker] o.s.web.context.ContextLoader            : Root WebApplicationContext: initialization completed in 3386 ms
2020-04-19 00:11:54.374  INFO 18916 --- [    Test worker] com.zaxxer.hikari.HikariDataSource       : HikariPool-2 - Starting...
2020-04-19 00:11:54.384  INFO 18916 --- [    Test worker] com.zaxxer.hikari.HikariDataSource       : HikariPool-2 - Start completed.
2020-04-19 00:11:54.487  INFO 18916 --- [    Test worker] o.hibernate.jpa.internal.util.LogHelper  : HHH000204: Processing PersistenceUnitInfo [
	name: default
	...]
2020-04-19 00:11:54.517  INFO 18916 --- [    Test worker] org.hibernate.dialect.Dialect            : HHH000400: Using dialect: org.hibernate.dialect.MySQL5InnoDBDialect
Hibernate: drop table if exists posts
Hibernate: drop table if exists user
Hibernate: create table posts (id bigint not null auto_increment, created_date datetime, modified_date datetime, author varchar(255), content TEXT not null, title varchar(500) not null, primary key (id)) engine=InnoDB
Hibernate: create table user (id bigint not null auto_increment, created_date datetime, modified_date datetime, email varchar(255) not null, name varchar(255) not null, picture varchar(255), role varchar(255) not null, primary key (id)) engine=InnoDB
2020-04-19 00:11:54.678  INFO 18916 --- [    Test worker] o.h.t.schema.internal.SchemaCreatorImpl  : HHH000476: Executing import script 'org.hibernate.tool.schema.internal.exec.ScriptSourceInputNonExistentImpl@3f23c2e'
2020-04-19 00:11:54.678  INFO 18916 --- [    Test worker] j.LocalContainerEntityManagerFactoryBean : Initialized JPA EntityManagerFactory for persistence unit 'default'
2020-04-19 00:11:55.831  INFO 18916 --- [    Test worker] o.h.h.i.QueryTranslatorFactoryInitiator  : HHH000397: Using ASTQueryTranslatorFactory
2020-04-19 00:11:56.353  INFO 18916 --- [    Test worker] o.s.s.web.DefaultSecurityFilterChain     : Creating filter chain: any request, [org.springframework.security.web.context.request.async.WebAsyncManagerIntegrationFilter@296496c7, org.springframework.security.web.context.SecurityContextPersistenceFilter@5c186030, org.springframework.security.web.header.HeaderWriterFilter@2ef8dcaf, org.springframework.security.web.authentication.logout.LogoutFilter@1632a896, org.springframework.security.oauth2.client.web.OAuth2AuthorizationRequestRedirectFilter@304969a3, org.springframework.security.oauth2.client.web.OAuth2LoginAuthenticationFilter@3d003b94, org.springframework.security.web.authentication.ui.DefaultLoginPageGeneratingFilter@9b45070, org.springframework.security.web.authentication.ui.DefaultLogoutPageGeneratingFilter@70f9687d, org.springframework.security.web.savedrequest.RequestCacheAwareFilter@4db1a94e, org.springframework.security.web.servletapi.SecurityContextHolderAwareRequestFilter@25c419f3, org.springframework.security.web.authentication.AnonymousAuthenticationFilter@b0613b0, org.springframework.security.web.session.SessionManagementFilter@655412a, org.springframework.security.web.access.ExceptionTranslationFilter@73ac4287, org.springframework.security.web.access.intercept.FilterSecurityInterceptor@327d6739]
2020-04-19 00:11:56.847  INFO 18916 --- [    Test worker] o.s.s.concurrent.ThreadPoolTaskExecutor  : Initializing ExecutorService 'applicationTaskExecutor'
2020-04-19 00:11:56.879  WARN 18916 --- [    Test worker] aWebConfiguration$JpaWebMvcConfiguration : spring.jpa.open-in-view is enabled by default. Therefore, database queries may be performed during view rendering. Explicitly configure spring.jpa.open-in-view to disable this warning
2020-04-19 00:11:56.949  INFO 18916 --- [    Test worker] o.s.b.a.w.s.WelcomePageHandlerMapping    : Adding welcome page template: index
2020-04-19 00:11:57.878  INFO 18916 --- [    Test worker] s.a.ScheduledAnnotationBeanPostProcessor : No TaskScheduler/ScheduledExecutorService bean found for scheduled processing
2020-04-19 00:11:57.919  INFO 18916 --- [    Test worker] o.s.b.w.embedded.tomcat.TomcatWebServer  : Tomcat started on port(s): 12581 (http) with context path ''
2020-04-19 00:11:57.919  INFO 18916 --- [    Test worker] c.s.b.s.web.IndexControllerTest          : Started IndexControllerTest in 7.656 seconds (JVM running for 35.948)
2020-04-19 00:11:58.144  INFO 18916 --- [o-auto-1-exec-1] o.a.c.c.C.[Tomcat].[localhost].[/]       : Initializing Spring DispatcherServlet 'dispatcherServlet'
2020-04-19 00:11:58.145  INFO 18916 --- [o-auto-1-exec-1] o.s.web.servlet.DispatcherServlet        : Initializing Servlet 'dispatcherServlet'
2020-04-19 00:11:58.180  INFO 18916 --- [o-auto-1-exec-1] o.s.web.servlet.DispatcherServlet        : Completed initialization in 35 ms
Hibernate: select posts0_.id as id1_0_, posts0_.created_date as created_2_0_, posts0_.modified_date as modified3_0_, posts0_.author as author4_0_, posts0_.content as content5_0_, posts0_.title as title6_0_ from posts posts0_ order by posts0_.id DESC
]]></system-out>
  <system-err><![CDATA[]]></system-err>
</testsuite>
