<?xml version="1.0" encoding="UTF-8"?>
<testsuite name="com.susu.book.springboot.web.IndexControllerTest" tests="1" skipped="0" failures="0" errors="0" timestamp="2020-04-16T11:23:15" hostname="csw111" time="0.433">
  <properties/>
  <testcase name="메인페이지_로딩" classname="com.susu.book.springboot.web.IndexControllerTest" time="0.433"/>
  <system-out><![CDATA[2020-04-16 20:23:04.272  INFO 34564 --- [    Test worker] .b.t.c.SpringBootTestContextBootstrapper : Neither @ContextConfiguration nor @ContextHierarchy found for test class [com.susu.book.springboot.web.IndexControllerTest], using SpringBootContextLoader
2020-04-16 20:23:04.274  INFO 34564 --- [    Test worker] o.s.t.c.support.AbstractContextLoader    : Could not detect default resource locations for test class [com.susu.book.springboot.web.IndexControllerTest]: no resource found for suffixes {-context.xml, Context.groovy}.
2020-04-16 20:23:04.276  INFO 34564 --- [    Test worker] t.c.s.AnnotationConfigContextLoaderUtils : Could not detect default configuration classes for test class [com.susu.book.springboot.web.IndexControllerTest]: IndexControllerTest does not declare any static, non-private, non-final, nested classes annotated with @Configuration.
2020-04-16 20:23:04.281  INFO 34564 --- [    Test worker] .b.t.c.SpringBootTestContextBootstrapper : Found @SpringBootConfiguration com.susu.book.springboot.Application for test class com.susu.book.springboot.web.IndexControllerTest
2020-04-16 20:23:04.284  INFO 34564 --- [    Test worker] .b.t.c.SpringBootTestContextBootstrapper : Loaded default TestExecutionListener class names from location [META-INF/spring.factories]: [org.springframework.security.test.context.support.WithSecurityContextTestExecutionListener, org.springframework.security.test.context.support.ReactorContextTestExecutionListener, org.springframework.boot.test.autoconfigure.restdocs.RestDocsTestExecutionListener, org.springframework.boot.test.autoconfigure.web.client.MockRestServiceServerResetTestExecutionListener, org.springframework.boot.test.autoconfigure.web.servlet.MockMvcPrintOnlyOnFailureTestExecutionListener, org.springframework.boot.test.autoconfigure.web.servlet.WebDriverTestExecutionListener, org.springframework.boot.test.mock.mockito.MockitoTestExecutionListener, org.springframework.boot.test.mock.mockito.ResetMocksTestExecutionListener, org.springframework.test.context.web.ServletTestExecutionListener, org.springframework.test.context.support.DirtiesContextBeforeModesTestExecutionListener, org.springframework.test.context.support.DependencyInjectionTestExecutionListener, org.springframework.test.context.support.DirtiesContextTestExecutionListener, org.springframework.test.context.transaction.TransactionalTestExecutionListener, org.springframework.test.context.jdbc.SqlScriptsTestExecutionListener]
2020-04-16 20:23:04.286  INFO 34564 --- [    Test worker] .b.t.c.SpringBootTestContextBootstrapper : Using TestExecutionListeners: [org.springframework.test.context.web.ServletTestExecutionListener@133c0cb0, org.springframework.test.context.support.DirtiesContextBeforeModesTestExecutionListener@5703907e, org.springframework.boot.test.mock.mockito.MockitoTestExecutionListener@240392c5, org.springframework.boot.test.autoconfigure.SpringBootDependencyInjectionTestExecutionListener@3aa80147, org.springframework.test.context.support.DirtiesContextTestExecutionListener@4902c32e, org.springframework.test.context.transaction.TransactionalTestExecutionListener@2492a10, org.springframework.test.context.jdbc.SqlScriptsTestExecutionListener@3a641526, org.springframework.security.test.context.support.WithSecurityContextTestExecutionListener@403c8914, org.springframework.security.test.context.support.ReactorContextTestExecutionListener@1f78398e, org.springframework.boot.test.autoconfigure.restdocs.RestDocsTestExecutionListener@54aa99db, org.springframework.boot.test.autoconfigure.web.client.MockRestServiceServerResetTestExecutionListener@4e7d7b4d, org.springframework.boot.test.autoconfigure.web.servlet.MockMvcPrintOnlyOnFailureTestExecutionListener@6a2d2fbf, org.springframework.boot.test.autoconfigure.web.servlet.WebDriverTestExecutionListener@34c7df3d, org.springframework.boot.test.mock.mockito.ResetMocksTestExecutionListener@34a3fc3f]

  .   ____          _            __ _ _
 /\\ / ___'_ __ _ _(_)_ __  __ _ \ \ \ \
( ( )\___ | '_ | '_| | '_ \/ _` | \ \ \ \
 \\/  ___)| |_)| | | | | || (_| |  ) ) ) )
  '  |____| .__|_| |_|_| |_\__, | / / / /
 =========|_|==============|___/=/_/_/_/
 :: Spring Boot ::        (v2.1.7.RELEASE)

2020-04-16 20:23:04.430  INFO 34564 --- [    Test worker] c.s.b.s.web.IndexControllerTest          : Starting IndexControllerTest on csw111 with PID 34564 (started by sung in C:\Users\c\freelec-springboot-webservice)
2020-04-16 20:23:04.432  INFO 34564 --- [    Test worker] c.s.b.s.web.IndexControllerTest          : No active profile set, falling back to default profiles: default
2020-04-16 20:23:06.210  INFO 34564 --- [    Test worker] .s.d.r.c.RepositoryConfigurationDelegate : Bootstrapping Spring Data repositories in DEFAULT mode.
2020-04-16 20:23:06.454  INFO 34564 --- [    Test worker] .s.d.r.c.RepositoryConfigurationDelegate : Finished Spring Data repository scanning in 242ms. Found 2 repository interfaces.
2020-04-16 20:23:06.946  INFO 34564 --- [    Test worker] trationDelegate$BeanPostProcessorChecker : Bean 'org.springframework.transaction.annotation.ProxyTransactionManagementConfiguration' of type [org.springframework.transaction.annotation.ProxyTransactionManagementConfiguration$$EnhancerBySpringCGLIB$$eadba677] is not eligible for getting processed by all BeanPostProcessors (for example: not eligible for auto-proxying)
2020-04-16 20:23:08.487  INFO 34564 --- [    Test worker] o.s.b.w.embedded.tomcat.TomcatWebServer  : Tomcat initialized with port(s): 0 (http)
2020-04-16 20:23:08.779  INFO 34564 --- [    Test worker] o.apache.catalina.core.StandardService   : Starting service [Tomcat]
2020-04-16 20:23:08.803  INFO 34564 --- [    Test worker] org.apache.catalina.core.StandardEngine  : Starting Servlet engine: [Apache Tomcat/9.0.22]
2020-04-16 20:23:09.906  INFO 34564 --- [    Test worker] o.a.c.c.C.[Tomcat].[localhost].[/]       : Initializing Spring embedded WebApplicationContext
2020-04-16 20:23:09.907  INFO 34564 --- [    Test worker] o.s.web.context.ContextLoader            : Root WebApplicationContext: initialization completed in 5465 ms
2020-04-16 20:23:10.695  INFO 34564 --- [    Test worker] com.zaxxer.hikari.HikariDataSource       : HikariPool-2 - Starting...
2020-04-16 20:23:10.700  INFO 34564 --- [    Test worker] com.zaxxer.hikari.HikariDataSource       : HikariPool-2 - Start completed.
2020-04-16 20:23:10.974  INFO 34564 --- [    Test worker] o.hibernate.jpa.internal.util.LogHelper  : HHH000204: Processing PersistenceUnitInfo [
	name: default
	...]
2020-04-16 20:23:11.039  INFO 34564 --- [    Test worker] org.hibernate.dialect.Dialect            : HHH000400: Using dialect: org.hibernate.dialect.MySQL5InnoDBDialect
Hibernate: drop table if exists posts
Hibernate: drop table if exists user
Hibernate: create table posts (id bigint not null auto_increment, created_date datetime, modified_date datetime, author varchar(255), content TEXT not null, title varchar(500) not null, primary key (id)) engine=InnoDB
Hibernate: create table user (id bigint not null auto_increment, created_date datetime, modified_date datetime, email varchar(255) not null, name varchar(255) not null, picture varchar(255), role varchar(255) not null, primary key (id)) engine=InnoDB
2020-04-16 20:23:11.237  INFO 34564 --- [    Test worker] o.h.t.schema.internal.SchemaCreatorImpl  : HHH000476: Executing import script 'org.hibernate.tool.schema.internal.exec.ScriptSourceInputNonExistentImpl@2544c62'
2020-04-16 20:23:11.237  INFO 34564 --- [    Test worker] j.LocalContainerEntityManagerFactoryBean : Initialized JPA EntityManagerFactory for persistence unit 'default'
2020-04-16 20:23:12.536  INFO 34564 --- [    Test worker] o.h.h.i.QueryTranslatorFactoryInitiator  : HHH000397: Using ASTQueryTranslatorFactory
2020-04-16 20:23:13.286  INFO 34564 --- [    Test worker] o.s.s.web.DefaultSecurityFilterChain     : Creating filter chain: any request, [org.springframework.security.web.context.request.async.WebAsyncManagerIntegrationFilter@2be9558d, org.springframework.security.web.context.SecurityContextPersistenceFilter@68786a43, org.springframework.security.web.header.HeaderWriterFilter@5f86bba2, org.springframework.security.web.authentication.logout.LogoutFilter@5a779c61, org.springframework.security.oauth2.client.web.OAuth2AuthorizationRequestRedirectFilter@72b861f0, org.springframework.security.oauth2.client.web.OAuth2LoginAuthenticationFilter@2e6ffd78, org.springframework.security.web.authentication.ui.DefaultLoginPageGeneratingFilter@7176da7e, org.springframework.security.web.authentication.ui.DefaultLogoutPageGeneratingFilter@70632f25, org.springframework.security.web.savedrequest.RequestCacheAwareFilter@e8f346e, org.springframework.security.web.servletapi.SecurityContextHolderAwareRequestFilter@643ec5b6, org.springframework.security.web.authentication.AnonymousAuthenticationFilter@41e57738, org.springframework.security.web.session.SessionManagementFilter@7bedd611, org.springframework.security.web.access.ExceptionTranslationFilter@7082d270, org.springframework.security.web.access.intercept.FilterSecurityInterceptor@4862767b]
2020-04-16 20:23:14.060  INFO 34564 --- [    Test worker] o.s.s.concurrent.ThreadPoolTaskExecutor  : Initializing ExecutorService 'applicationTaskExecutor'
2020-04-16 20:23:14.091  WARN 34564 --- [    Test worker] aWebConfiguration$JpaWebMvcConfiguration : spring.jpa.open-in-view is enabled by default. Therefore, database queries may be performed during view rendering. Explicitly configure spring.jpa.open-in-view to disable this warning
2020-04-16 20:23:14.166  INFO 34564 --- [    Test worker] o.s.b.a.w.s.WelcomePageHandlerMapping    : Adding welcome page template: index
2020-04-16 20:23:14.970  INFO 34564 --- [    Test worker] s.a.ScheduledAnnotationBeanPostProcessor : No TaskScheduler/ScheduledExecutorService bean found for scheduled processing
2020-04-16 20:23:15.014  INFO 34564 --- [    Test worker] o.s.b.w.embedded.tomcat.TomcatWebServer  : Tomcat started on port(s): 6889 (http) with context path ''
2020-04-16 20:23:15.015  INFO 34564 --- [    Test worker] c.s.b.s.web.IndexControllerTest          : Started IndexControllerTest in 10.724 seconds (JVM running for 49.037)
2020-04-16 20:23:15.241  INFO 34564 --- [o-auto-1-exec-1] o.a.c.c.C.[Tomcat].[localhost].[/]       : Initializing Spring DispatcherServlet 'dispatcherServlet'
2020-04-16 20:23:15.241  INFO 34564 --- [o-auto-1-exec-1] o.s.web.servlet.DispatcherServlet        : Initializing Servlet 'dispatcherServlet'
2020-04-16 20:23:15.297  INFO 34564 --- [o-auto-1-exec-1] o.s.web.servlet.DispatcherServlet        : Completed initialization in 55 ms
Hibernate: select posts0_.id as id1_0_, posts0_.created_date as created_2_0_, posts0_.modified_date as modified3_0_, posts0_.author as author4_0_, posts0_.content as content5_0_, posts0_.title as title6_0_ from posts posts0_ order by posts0_.id DESC
]]></system-out>
  <system-err><![CDATA[]]></system-err>
</testsuite>
