<?xml version="1.0" encoding="UTF-8"?>
<testsuite name="com.susu.book.springboot.domain.posts.PostsRepositoryTest" tests="2" skipped="0" failures="0" errors="0" timestamp="2020-04-16T12:55:55" hostname="csw111" time="0.069">
  <properties/>
  <testcase name="게시글저장_불러오기" classname="com.susu.book.springboot.domain.posts.PostsRepositoryTest" time="0.046"/>
  <testcase name="BaseTimeEntity_등록" classname="com.susu.book.springboot.domain.posts.PostsRepositoryTest" time="0.021"/>
  <system-out><![CDATA[2020-04-16 21:55:51.012  INFO 22648 --- [    Test worker] .b.t.c.SpringBootTestContextBootstrapper : Neither @ContextConfiguration nor @ContextHierarchy found for test class [com.susu.book.springboot.domain.posts.PostsRepositoryTest], using SpringBootContextLoader
2020-04-16 21:55:51.015  INFO 22648 --- [    Test worker] o.s.t.c.support.AbstractContextLoader    : Could not detect default resource locations for test class [com.susu.book.springboot.domain.posts.PostsRepositoryTest]: no resource found for suffixes {-context.xml, Context.groovy}.
2020-04-16 21:55:51.015  INFO 22648 --- [    Test worker] t.c.s.AnnotationConfigContextLoaderUtils : Could not detect default configuration classes for test class [com.susu.book.springboot.domain.posts.PostsRepositoryTest]: PostsRepositoryTest does not declare any static, non-private, non-final, nested classes annotated with @Configuration.
2020-04-16 21:55:51.041  INFO 22648 --- [    Test worker] .b.t.c.SpringBootTestContextBootstrapper : Found @SpringBootConfiguration com.susu.book.springboot.Application for test class com.susu.book.springboot.domain.posts.PostsRepositoryTest
2020-04-16 21:55:51.044  INFO 22648 --- [    Test worker] .b.t.c.SpringBootTestContextBootstrapper : Loaded default TestExecutionListener class names from location [META-INF/spring.factories]: [org.springframework.security.test.context.support.WithSecurityContextTestExecutionListener, org.springframework.security.test.context.support.ReactorContextTestExecutionListener, org.springframework.boot.test.autoconfigure.restdocs.RestDocsTestExecutionListener, org.springframework.boot.test.autoconfigure.web.client.MockRestServiceServerResetTestExecutionListener, org.springframework.boot.test.autoconfigure.web.servlet.MockMvcPrintOnlyOnFailureTestExecutionListener, org.springframework.boot.test.autoconfigure.web.servlet.WebDriverTestExecutionListener, org.springframework.boot.test.mock.mockito.MockitoTestExecutionListener, org.springframework.boot.test.mock.mockito.ResetMocksTestExecutionListener, org.springframework.test.context.web.ServletTestExecutionListener, org.springframework.test.context.support.DirtiesContextBeforeModesTestExecutionListener, org.springframework.test.context.support.DependencyInjectionTestExecutionListener, org.springframework.test.context.support.DirtiesContextTestExecutionListener, org.springframework.test.context.transaction.TransactionalTestExecutionListener, org.springframework.test.context.jdbc.SqlScriptsTestExecutionListener]
2020-04-16 21:55:51.046  INFO 22648 --- [    Test worker] .b.t.c.SpringBootTestContextBootstrapper : Using TestExecutionListeners: [org.springframework.test.context.web.ServletTestExecutionListener@64b45d2c, org.springframework.test.context.support.DirtiesContextBeforeModesTestExecutionListener@4a8ad72d, org.springframework.boot.test.mock.mockito.MockitoTestExecutionListener@722c778d, org.springframework.boot.test.autoconfigure.SpringBootDependencyInjectionTestExecutionListener@7a28a98, org.springframework.test.context.support.DirtiesContextTestExecutionListener@4139fa7d, org.springframework.test.context.transaction.TransactionalTestExecutionListener@5d167ec8, org.springframework.test.context.jdbc.SqlScriptsTestExecutionListener@4c97faf8, org.springframework.security.test.context.support.WithSecurityContextTestExecutionListener@5ff24fb8, org.springframework.security.test.context.support.ReactorContextTestExecutionListener@5196ac29, org.springframework.boot.test.autoconfigure.restdocs.RestDocsTestExecutionListener@3f9878ed, org.springframework.boot.test.autoconfigure.web.client.MockRestServiceServerResetTestExecutionListener@4c2b15dc, org.springframework.boot.test.autoconfigure.web.servlet.MockMvcPrintOnlyOnFailureTestExecutionListener@1e91c6e, org.springframework.boot.test.autoconfigure.web.servlet.WebDriverTestExecutionListener@65fa0f9e, org.springframework.boot.test.mock.mockito.ResetMocksTestExecutionListener@19d95cdc]

  .   ____          _            __ _ _
 /\\ / ___'_ __ _ _(_)_ __  __ _ \ \ \ \
( ( )\___ | '_ | '_| | '_ \/ _` | \ \ \ \
 \\/  ___)| |_)| | | | | || (_| |  ) ) ) )
  '  |____| .__|_| |_|_| |_\__, | / / / /
 =========|_|==============|___/=/_/_/_/
 :: Spring Boot ::        (v2.1.7.RELEASE)

2020-04-16 21:55:51.146  INFO 22648 --- [    Test worker] c.s.b.s.d.posts.PostsRepositoryTest      : Starting PostsRepositoryTest on csw111 with PID 22648 (started by sung in C:\Users\c\freelec-springboot-webservice)
2020-04-16 21:55:51.146  INFO 22648 --- [    Test worker] c.s.b.s.d.posts.PostsRepositoryTest      : No active profile set, falling back to default profiles: default
2020-04-16 21:55:51.784  INFO 22648 --- [    Test worker] .s.d.r.c.RepositoryConfigurationDelegate : Bootstrapping Spring Data repositories in DEFAULT mode.
2020-04-16 21:55:51.874  INFO 22648 --- [    Test worker] .s.d.r.c.RepositoryConfigurationDelegate : Finished Spring Data repository scanning in 89ms. Found 2 repository interfaces.
2020-04-16 21:55:52.162  INFO 22648 --- [    Test worker] trationDelegate$BeanPostProcessorChecker : Bean 'org.springframework.transaction.annotation.ProxyTransactionManagementConfiguration' of type [org.springframework.transaction.annotation.ProxyTransactionManagementConfiguration$$EnhancerBySpringCGLIB$$84fb4b9] is not eligible for getting processed by all BeanPostProcessors (for example: not eligible for auto-proxying)
2020-04-16 21:55:52.377  INFO 22648 --- [    Test worker] com.zaxxer.hikari.HikariDataSource       : HikariPool-2 - Starting...
2020-04-16 21:55:52.379  INFO 22648 --- [    Test worker] com.zaxxer.hikari.HikariDataSource       : HikariPool-2 - Start completed.
2020-04-16 21:55:52.461  INFO 22648 --- [    Test worker] o.hibernate.jpa.internal.util.LogHelper  : HHH000204: Processing PersistenceUnitInfo [
	name: default
	...]
2020-04-16 21:55:52.508  INFO 22648 --- [    Test worker] org.hibernate.dialect.Dialect            : HHH000400: Using dialect: org.hibernate.dialect.MySQL5InnoDBDialect
Hibernate: drop table if exists posts
Hibernate: drop table if exists user
Hibernate: create table posts (id bigint not null auto_increment, created_date datetime, modified_date datetime, author varchar(255), content TEXT not null, title varchar(500) not null, primary key (id)) engine=InnoDB
Hibernate: create table user (id bigint not null auto_increment, created_date datetime, modified_date datetime, email varchar(255) not null, name varchar(255) not null, picture varchar(255), role varchar(255) not null, primary key (id)) engine=InnoDB
2020-04-16 21:55:52.632  INFO 22648 --- [    Test worker] o.h.t.schema.internal.SchemaCreatorImpl  : HHH000476: Executing import script 'org.hibernate.tool.schema.internal.exec.ScriptSourceInputNonExistentImpl@2b0db622'
2020-04-16 21:55:52.633  INFO 22648 --- [    Test worker] j.LocalContainerEntityManagerFactoryBean : Initialized JPA EntityManagerFactory for persistence unit 'default'
2020-04-16 21:55:53.078  INFO 22648 --- [    Test worker] o.h.h.i.QueryTranslatorFactoryInitiator  : HHH000397: Using ASTQueryTranslatorFactory
2020-04-16 21:55:53.511  INFO 22648 --- [    Test worker] o.s.s.web.DefaultSecurityFilterChain     : Creating filter chain: any request, [org.springframework.security.web.context.request.async.WebAsyncManagerIntegrationFilter@65077d34, org.springframework.security.web.context.SecurityContextPersistenceFilter@55ef6b6b, org.springframework.security.web.header.HeaderWriterFilter@716749d3, org.springframework.security.web.authentication.logout.LogoutFilter@bc32027, org.springframework.security.oauth2.client.web.OAuth2AuthorizationRequestRedirectFilter@6e0490c8, org.springframework.security.oauth2.client.web.OAuth2LoginAuthenticationFilter@945f872, org.springframework.security.web.authentication.ui.DefaultLoginPageGeneratingFilter@25d9b3c4, org.springframework.security.web.authentication.ui.DefaultLogoutPageGeneratingFilter@3daea74c, org.springframework.security.web.savedrequest.RequestCacheAwareFilter@353eea8a, org.springframework.security.web.servletapi.SecurityContextHolderAwareRequestFilter@7edc142f, org.springframework.security.web.authentication.AnonymousAuthenticationFilter@7766f2e1, org.springframework.security.web.session.SessionManagementFilter@19e856d6, org.springframework.security.web.access.ExceptionTranslationFilter@50e61af6, org.springframework.security.web.access.intercept.FilterSecurityInterceptor@2e0edfff]
2020-04-16 21:55:54.220  INFO 22648 --- [    Test worker] o.s.s.concurrent.ThreadPoolTaskExecutor  : Initializing ExecutorService 'applicationTaskExecutor'
2020-04-16 21:55:54.244  WARN 22648 --- [    Test worker] aWebConfiguration$JpaWebMvcConfiguration : spring.jpa.open-in-view is enabled by default. Therefore, database queries may be performed during view rendering. Explicitly configure spring.jpa.open-in-view to disable this warning
2020-04-16 21:55:54.338  INFO 22648 --- [    Test worker] o.s.b.a.w.s.WelcomePageHandlerMapping    : Adding welcome page template: index
2020-04-16 21:55:55.295  INFO 22648 --- [    Test worker] s.a.ScheduledAnnotationBeanPostProcessor : No TaskScheduler/ScheduledExecutorService bean found for scheduled processing
2020-04-16 21:55:55.295  INFO 22648 --- [    Test worker] c.s.b.s.d.posts.PostsRepositoryTest      : Started PostsRepositoryTest in 4.232 seconds (JVM running for 25.071)
Hibernate: insert into posts (created_date, modified_date, author, content, title) values (?, ?, ?, ?, ?)
Hibernate: select posts0_.id as id1_0_, posts0_.created_date as created_2_0_, posts0_.modified_date as modified3_0_, posts0_.author as author4_0_, posts0_.content as content5_0_, posts0_.title as title6_0_ from posts posts0_
Hibernate: select posts0_.id as id1_0_, posts0_.created_date as created_2_0_, posts0_.modified_date as modified3_0_, posts0_.author as author4_0_, posts0_.content as content5_0_, posts0_.title as title6_0_ from posts posts0_
Hibernate: delete from posts where id=?
Hibernate: insert into posts (created_date, modified_date, author, content, title) values (?, ?, ?, ?, ?)
Hibernate: select posts0_.id as id1_0_, posts0_.created_date as created_2_0_, posts0_.modified_date as modified3_0_, posts0_.author as author4_0_, posts0_.content as content5_0_, posts0_.title as title6_0_ from posts posts0_
>>>>>>>>>> createDate=2020-04-16T21:55:55.370344, modifiedDate=2020-04-16T21:55:55.370344
Hibernate: select posts0_.id as id1_0_, posts0_.created_date as created_2_0_, posts0_.modified_date as modified3_0_, posts0_.author as author4_0_, posts0_.content as content5_0_, posts0_.title as title6_0_ from posts posts0_
Hibernate: delete from posts where id=?
]]></system-out>
  <system-err><![CDATA[]]></system-err>
</testsuite>
