<?xml version="1.0" encoding="UTF-8"?>
<testsuite name="com.susu.book.springboot.web.HelloControllerTest" tests="2" skipped="0" failures="0" errors="0" timestamp="2020-04-15T07:39:13" hostname="csw111" time="0.354">
  <properties/>
  <testcase name="hello가_리턴된다" classname="com.susu.book.springboot.web.HelloControllerTest" time="0.169"/>
  <testcase name="helloDto가_리턴된다" classname="com.susu.book.springboot.web.HelloControllerTest" time="0.184"/>
  <system-out><![CDATA[2020-04-15 16:39:11.044  INFO 19144 --- [    Test worker] .b.t.a.w.s.WebMvcTestContextBootstrapper : Neither @ContextConfiguration nor @ContextHierarchy found for test class [com.susu.book.springboot.web.HelloControllerTest], using SpringBootContextLoader
2020-04-15 16:39:11.060  INFO 19144 --- [    Test worker] o.s.t.c.support.AbstractContextLoader    : Could not detect default resource locations for test class [com.susu.book.springboot.web.HelloControllerTest]: no resource found for suffixes {-context.xml, Context.groovy}.
2020-04-15 16:39:11.060  INFO 19144 --- [    Test worker] t.c.s.AnnotationConfigContextLoaderUtils : Could not detect default configuration classes for test class [com.susu.book.springboot.web.HelloControllerTest]: HelloControllerTest does not declare any static, non-private, non-final, nested classes annotated with @Configuration.
2020-04-15 16:39:11.201  INFO 19144 --- [    Test worker] .b.t.c.SpringBootTestContextBootstrapper : Found @SpringBootConfiguration com.susu.book.springboot.Application for test class com.susu.book.springboot.web.HelloControllerTest
2020-04-15 16:39:11.201  INFO 19144 --- [    Test worker] .b.t.a.w.s.WebMvcTestContextBootstrapper : Loaded default TestExecutionListener class names from location [META-INF/spring.factories]: [org.springframework.security.test.context.support.WithSecurityContextTestExecutionListener, org.springframework.security.test.context.support.ReactorContextTestExecutionListener, org.springframework.boot.test.autoconfigure.restdocs.RestDocsTestExecutionListener, org.springframework.boot.test.autoconfigure.web.client.MockRestServiceServerResetTestExecutionListener, org.springframework.boot.test.autoconfigure.web.servlet.MockMvcPrintOnlyOnFailureTestExecutionListener, org.springframework.boot.test.autoconfigure.web.servlet.WebDriverTestExecutionListener, org.springframework.boot.test.mock.mockito.MockitoTestExecutionListener, org.springframework.boot.test.mock.mockito.ResetMocksTestExecutionListener, org.springframework.test.context.web.ServletTestExecutionListener, org.springframework.test.context.support.DirtiesContextBeforeModesTestExecutionListener, org.springframework.test.context.support.DependencyInjectionTestExecutionListener, org.springframework.test.context.support.DirtiesContextTestExecutionListener, org.springframework.test.context.transaction.TransactionalTestExecutionListener, org.springframework.test.context.jdbc.SqlScriptsTestExecutionListener]
2020-04-15 16:39:11.263  INFO 19144 --- [    Test worker] .b.t.a.w.s.WebMvcTestContextBootstrapper : Using TestExecutionListeners: [org.springframework.test.context.web.ServletTestExecutionListener@659b2b60, org.springframework.test.context.support.DirtiesContextBeforeModesTestExecutionListener@3a1d4c9a, org.springframework.boot.test.mock.mockito.MockitoTestExecutionListener@76b4b1aa, org.springframework.boot.test.autoconfigure.SpringBootDependencyInjectionTestExecutionListener@70bfe936, org.springframework.test.context.support.DirtiesContextTestExecutionListener@4c431c6a, org.springframework.test.context.transaction.TransactionalTestExecutionListener@1c6ae0e4, org.springframework.test.context.jdbc.SqlScriptsTestExecutionListener@4f002b22, org.springframework.security.test.context.support.WithSecurityContextTestExecutionListener@40f99dad, org.springframework.security.test.context.support.ReactorContextTestExecutionListener@148d6994, org.springframework.boot.test.autoconfigure.restdocs.RestDocsTestExecutionListener@5f2bc621, org.springframework.boot.test.autoconfigure.web.client.MockRestServiceServerResetTestExecutionListener@11bcbfdd, org.springframework.boot.test.autoconfigure.web.servlet.MockMvcPrintOnlyOnFailureTestExecutionListener@1da45cb2, org.springframework.boot.test.autoconfigure.web.servlet.WebDriverTestExecutionListener@621a575b, org.springframework.boot.test.mock.mockito.ResetMocksTestExecutionListener@63818ff7]

  .   ____          _            __ _ _
 /\\ / ___'_ __ _ _(_)_ __  __ _ \ \ \ \
( ( )\___ | '_ | '_| | '_ \/ _` | \ \ \ \
 \\/  ___)| |_)| | | | | || (_| |  ) ) ) )
  '  |____| .__|_| |_|_| |_\__, | / / / /
 =========|_|==============|___/=/_/_/_/
 :: Spring Boot ::        (v2.1.7.RELEASE)

2020-04-15 16:39:11.419  INFO 19144 --- [    Test worker] c.s.b.s.web.HelloControllerTest          : Starting HelloControllerTest on csw111 with PID 19144 (started by sung in C:\Users\c\freelec-springboot-webservice)
2020-04-15 16:39:11.435  INFO 19144 --- [    Test worker] c.s.b.s.web.HelloControllerTest          : No active profile set, falling back to default profiles: default
2020-04-15 16:39:12.661  INFO 19144 --- [    Test worker] o.s.s.concurrent.ThreadPoolTaskExecutor  : Initializing ExecutorService 'applicationTaskExecutor'
2020-04-15 16:39:12.739  INFO 19144 --- [    Test worker] o.s.b.a.w.s.WelcomePageHandlerMapping    : Adding welcome page template: index
2020-04-15 16:39:13.220  INFO 19144 --- [    Test worker] .s.s.UserDetailsServiceAutoConfiguration : 

Using generated security password: ff86dbb9-7e60-449c-acab-41c9f6876002

2020-04-15 16:39:13.564  INFO 19144 --- [    Test worker] o.s.s.web.DefaultSecurityFilterChain     : Creating filter chain: any request, [org.springframework.security.web.context.request.async.WebAsyncManagerIntegrationFilter@7059f528, org.springframework.security.web.context.SecurityContextPersistenceFilter@1f9aa511, org.springframework.security.web.header.HeaderWriterFilter@3a3e71a4, org.springframework.security.web.csrf.CsrfFilter@f119743, org.springframework.security.web.authentication.logout.LogoutFilter@1af6b9ae, org.springframework.security.web.authentication.UsernamePasswordAuthenticationFilter@24e28e3a, org.springframework.security.web.authentication.ui.DefaultLoginPageGeneratingFilter@6eb9ce25, org.springframework.security.web.authentication.ui.DefaultLogoutPageGeneratingFilter@46202017, org.springframework.security.web.authentication.www.BasicAuthenticationFilter@7cd5564e, org.springframework.security.web.savedrequest.RequestCacheAwareFilter@2ccf98fa, org.springframework.security.web.servletapi.SecurityContextHolderAwareRequestFilter@65356f96, org.springframework.security.web.authentication.AnonymousAuthenticationFilter@109179bb, org.springframework.security.web.session.SessionManagementFilter@3996422f, org.springframework.security.web.access.ExceptionTranslationFilter@3520d8c0, org.springframework.security.web.access.intercept.FilterSecurityInterceptor@69584532]
2020-04-15 16:39:13.673  INFO 19144 --- [    Test worker] o.s.b.t.m.w.SpringBootMockServletContext : Initializing Spring TestDispatcherServlet ''
2020-04-15 16:39:13.673  INFO 19144 --- [    Test worker] o.s.t.web.servlet.TestDispatcherServlet  : Initializing Servlet ''
2020-04-15 16:39:13.720  INFO 19144 --- [    Test worker] o.s.t.web.servlet.TestDispatcherServlet  : Completed initialization in 47 ms
2020-04-15 16:39:13.798  INFO 19144 --- [    Test worker] c.s.b.s.web.HelloControllerTest          : Started HelloControllerTest in 2.519 seconds (JVM running for 21.442)
]]></system-out>
  <system-err><![CDATA[]]></system-err>
</testsuite>
