<?xml version="1.0" encoding="UTF-8"?>
<testsuite name="com.susu.book.springboot.web.HelloControllerTest" tests="2" skipped="0" failures="0" errors="0" timestamp="2020-04-18T10:58:25" hostname="csw111" time="0.341">
  <properties/>
  <testcase name="hello가_리턴된다" classname="com.susu.book.springboot.web.HelloControllerTest" time="0.15"/>
  <testcase name="helloDto가_리턴된다" classname="com.susu.book.springboot.web.HelloControllerTest" time="0.19"/>
  <system-out><![CDATA[2020-04-18 19:58:22.988  INFO 6268 --- [    Test worker] .b.t.a.w.s.WebMvcTestContextBootstrapper : Neither @ContextConfiguration nor @ContextHierarchy found for test class [com.susu.book.springboot.web.HelloControllerTest], using SpringBootContextLoader
2020-04-18 19:58:23.005  INFO 6268 --- [    Test worker] o.s.t.c.support.AbstractContextLoader    : Could not detect default resource locations for test class [com.susu.book.springboot.web.HelloControllerTest]: no resource found for suffixes {-context.xml, Context.groovy}.
2020-04-18 19:58:23.005  INFO 6268 --- [    Test worker] t.c.s.AnnotationConfigContextLoaderUtils : Could not detect default configuration classes for test class [com.susu.book.springboot.web.HelloControllerTest]: HelloControllerTest does not declare any static, non-private, non-final, nested classes annotated with @Configuration.
2020-04-18 19:58:23.056  INFO 6268 --- [    Test worker] .b.t.c.SpringBootTestContextBootstrapper : Found @SpringBootConfiguration com.susu.book.springboot.Application for test class com.susu.book.springboot.web.HelloControllerTest
2020-04-18 19:58:23.056  INFO 6268 --- [    Test worker] .b.t.a.w.s.WebMvcTestContextBootstrapper : Loaded default TestExecutionListener class names from location [META-INF/spring.factories]: [org.springframework.security.test.context.support.WithSecurityContextTestExecutionListener, org.springframework.security.test.context.support.ReactorContextTestExecutionListener, org.springframework.boot.test.autoconfigure.restdocs.RestDocsTestExecutionListener, org.springframework.boot.test.autoconfigure.web.client.MockRestServiceServerResetTestExecutionListener, org.springframework.boot.test.autoconfigure.web.servlet.MockMvcPrintOnlyOnFailureTestExecutionListener, org.springframework.boot.test.autoconfigure.web.servlet.WebDriverTestExecutionListener, org.springframework.boot.test.mock.mockito.MockitoTestExecutionListener, org.springframework.boot.test.mock.mockito.ResetMocksTestExecutionListener, org.springframework.test.context.web.ServletTestExecutionListener, org.springframework.test.context.support.DirtiesContextBeforeModesTestExecutionListener, org.springframework.test.context.support.DependencyInjectionTestExecutionListener, org.springframework.test.context.support.DirtiesContextTestExecutionListener, org.springframework.test.context.transaction.TransactionalTestExecutionListener, org.springframework.test.context.jdbc.SqlScriptsTestExecutionListener]
2020-04-18 19:58:23.073  INFO 6268 --- [    Test worker] .b.t.a.w.s.WebMvcTestContextBootstrapper : Using TestExecutionListeners: [org.springframework.test.context.web.ServletTestExecutionListener@7c2492b4, org.springframework.test.context.support.DirtiesContextBeforeModesTestExecutionListener@36d91ed6, org.springframework.boot.test.mock.mockito.MockitoTestExecutionListener@489caf44, org.springframework.boot.test.autoconfigure.SpringBootDependencyInjectionTestExecutionListener@482d500, org.springframework.test.context.support.DirtiesContextTestExecutionListener@5c6b5616, org.springframework.test.context.transaction.TransactionalTestExecutionListener@223adce3, org.springframework.test.context.jdbc.SqlScriptsTestExecutionListener@f71b16f, org.springframework.security.test.context.support.WithSecurityContextTestExecutionListener@1d495f54, org.springframework.security.test.context.support.ReactorContextTestExecutionListener@1b94710d, org.springframework.boot.test.autoconfigure.restdocs.RestDocsTestExecutionListener@6fbd7b58, org.springframework.boot.test.autoconfigure.web.client.MockRestServiceServerResetTestExecutionListener@6d454509, org.springframework.boot.test.autoconfigure.web.servlet.MockMvcPrintOnlyOnFailureTestExecutionListener@3a21040a, org.springframework.boot.test.autoconfigure.web.servlet.WebDriverTestExecutionListener@205165a, org.springframework.boot.test.mock.mockito.ResetMocksTestExecutionListener@6e6daf9]

  .   ____          _            __ _ _
 /\\ / ___'_ __ _ _(_)_ __  __ _ \ \ \ \
( ( )\___ | '_ | '_| | '_ \/ _` | \ \ \ \
 \\/  ___)| |_)| | | | | || (_| |  ) ) ) )
  '  |____| .__|_| |_|_| |_\__, | / / / /
 =========|_|==============|___/=/_/_/_/
 :: Spring Boot ::        (v2.1.7.RELEASE)

2020-04-18 19:58:23.193  INFO 6268 --- [    Test worker] c.s.b.s.web.HelloControllerTest          : Starting HelloControllerTest on csw111 with PID 6268 (started by sung in C:\Users\c\freelec-springboot-webservice)
2020-04-18 19:58:23.205  INFO 6268 --- [    Test worker] c.s.b.s.web.HelloControllerTest          : No active profile set, falling back to default profiles: default
2020-04-18 19:58:24.389  INFO 6268 --- [    Test worker] o.s.s.concurrent.ThreadPoolTaskExecutor  : Initializing ExecutorService 'applicationTaskExecutor'
2020-04-18 19:58:24.456  INFO 6268 --- [    Test worker] o.s.b.a.w.s.WelcomePageHandlerMapping    : Adding welcome page template: index
2020-04-18 19:58:25.008  INFO 6268 --- [    Test worker] .s.s.UserDetailsServiceAutoConfiguration : 

Using generated security password: 34799ba8-8bfc-4f44-aeb4-e4e4438900cf

2020-04-18 19:58:25.393  INFO 6268 --- [    Test worker] o.s.s.web.DefaultSecurityFilterChain     : Creating filter chain: any request, [org.springframework.security.web.context.request.async.WebAsyncManagerIntegrationFilter@58986172, org.springframework.security.web.context.SecurityContextPersistenceFilter@67ec7a8e, org.springframework.security.web.header.HeaderWriterFilter@a09d877, org.springframework.security.web.csrf.CsrfFilter@3246dbe1, org.springframework.security.web.authentication.logout.LogoutFilter@4afcce83, org.springframework.security.web.authentication.UsernamePasswordAuthenticationFilter@4f5855a6, org.springframework.security.web.authentication.ui.DefaultLoginPageGeneratingFilter@7ebfe7d4, org.springframework.security.web.authentication.ui.DefaultLogoutPageGeneratingFilter@49fc1ca3, org.springframework.security.web.authentication.www.BasicAuthenticationFilter@6478c730, org.springframework.security.web.savedrequest.RequestCacheAwareFilter@1017fae5, org.springframework.security.web.servletapi.SecurityContextHolderAwareRequestFilter@541942f0, org.springframework.security.web.authentication.AnonymousAuthenticationFilter@6b9f13eb, org.springframework.security.web.session.SessionManagementFilter@e148304, org.springframework.security.web.access.ExceptionTranslationFilter@36882086, org.springframework.security.web.access.intercept.FilterSecurityInterceptor@1ad7266f]
2020-04-18 19:58:25.490  INFO 6268 --- [    Test worker] o.s.b.t.m.w.SpringBootMockServletContext : Initializing Spring TestDispatcherServlet ''
2020-04-18 19:58:25.490  INFO 6268 --- [    Test worker] o.s.t.web.servlet.TestDispatcherServlet  : Initializing Servlet ''
2020-04-18 19:58:25.522  INFO 6268 --- [    Test worker] o.s.t.web.servlet.TestDispatcherServlet  : Completed initialization in 32 ms
2020-04-18 19:58:25.611  INFO 6268 --- [    Test worker] c.s.b.s.web.HelloControllerTest          : Started HelloControllerTest in 2.522 seconds (JVM running for 23.832)
]]></system-out>
  <system-err><![CDATA[]]></system-err>
</testsuite>
