<?xml version="1.0" encoding="UTF-8"?>
<testsuite name="com.susu.book.springboot.web.IndexControllerTest" tests="1" skipped="0" failures="0" errors="0" timestamp="2020-04-18T10:29:13" hostname="csw111" time="0.706">
  <properties/>
  <testcase name="메인페이지_로딩" classname="com.susu.book.springboot.web.IndexControllerTest" time="0.706"/>
  <system-out><![CDATA[2020-04-18 19:29:06.307  INFO 6000 --- [    Test worker] .b.t.c.SpringBootTestContextBootstrapper : Neither @ContextConfiguration nor @ContextHierarchy found for test class [com.susu.book.springboot.web.IndexControllerTest], using SpringBootContextLoader
2020-04-18 19:29:06.313  INFO 6000 --- [    Test worker] o.s.t.c.support.AbstractContextLoader    : Could not detect default resource locations for test class [com.susu.book.springboot.web.IndexControllerTest]: no resource found for suffixes {-context.xml, Context.groovy}.
2020-04-18 19:29:06.313  INFO 6000 --- [    Test worker] t.c.s.AnnotationConfigContextLoaderUtils : Could not detect default configuration classes for test class [com.susu.book.springboot.web.IndexControllerTest]: IndexControllerTest does not declare any static, non-private, non-final, nested classes annotated with @Configuration.
2020-04-18 19:29:06.318  INFO 6000 --- [    Test worker] .b.t.c.SpringBootTestContextBootstrapper : Found @SpringBootConfiguration com.susu.book.springboot.Application for test class com.susu.book.springboot.web.IndexControllerTest
2020-04-18 19:29:06.321  INFO 6000 --- [    Test worker] .b.t.c.SpringBootTestContextBootstrapper : Loaded default TestExecutionListener class names from location [META-INF/spring.factories]: [org.springframework.security.test.context.support.WithSecurityContextTestExecutionListener, org.springframework.security.test.context.support.ReactorContextTestExecutionListener, org.springframework.boot.test.autoconfigure.restdocs.RestDocsTestExecutionListener, org.springframework.boot.test.autoconfigure.web.client.MockRestServiceServerResetTestExecutionListener, org.springframework.boot.test.autoconfigure.web.servlet.MockMvcPrintOnlyOnFailureTestExecutionListener, org.springframework.boot.test.autoconfigure.web.servlet.WebDriverTestExecutionListener, org.springframework.boot.test.mock.mockito.MockitoTestExecutionListener, org.springframework.boot.test.mock.mockito.ResetMocksTestExecutionListener, org.springframework.test.context.web.ServletTestExecutionListener, org.springframework.test.context.support.DirtiesContextBeforeModesTestExecutionListener, org.springframework.test.context.support.DependencyInjectionTestExecutionListener, org.springframework.test.context.support.DirtiesContextTestExecutionListener, org.springframework.test.context.transaction.TransactionalTestExecutionListener, org.springframework.test.context.jdbc.SqlScriptsTestExecutionListener]
2020-04-18 19:29:06.325  INFO 6000 --- [    Test worker] .b.t.c.SpringBootTestContextBootstrapper : Using TestExecutionListeners: [org.springframework.test.context.web.ServletTestExecutionListener@6aa83975, org.springframework.test.context.support.DirtiesContextBeforeModesTestExecutionListener@6ddf7fb3, org.springframework.boot.test.mock.mockito.MockitoTestExecutionListener@77faa7d6, org.springframework.boot.test.autoconfigure.SpringBootDependencyInjectionTestExecutionListener@15827a3b, org.springframework.test.context.support.DirtiesContextTestExecutionListener@3e4a8a6f, org.springframework.test.context.transaction.TransactionalTestExecutionListener@28fe58f2, org.springframework.test.context.jdbc.SqlScriptsTestExecutionListener@a988e2c, org.springframework.security.test.context.support.WithSecurityContextTestExecutionListener@ccd6ee6, org.springframework.security.test.context.support.ReactorContextTestExecutionListener@663e94e2, org.springframework.boot.test.autoconfigure.restdocs.RestDocsTestExecutionListener@3cdd691f, org.springframework.boot.test.autoconfigure.web.client.MockRestServiceServerResetTestExecutionListener@727a7946, org.springframework.boot.test.autoconfigure.web.servlet.MockMvcPrintOnlyOnFailureTestExecutionListener@152783b1, org.springframework.boot.test.autoconfigure.web.servlet.WebDriverTestExecutionListener@72c9c73, org.springframework.boot.test.mock.mockito.ResetMocksTestExecutionListener@50ee8818]

  .   ____          _            __ _ _
 /\\ / ___'_ __ _ _(_)_ __  __ _ \ \ \ \
( ( )\___ | '_ | '_| | '_ \/ _` | \ \ \ \
 \\/  ___)| |_)| | | | | || (_| |  ) ) ) )
  '  |____| .__|_| |_|_| |_\__, | / / / /
 =========|_|==============|___/=/_/_/_/
 :: Spring Boot ::        (v2.1.7.RELEASE)

2020-04-18 19:29:06.465  INFO 6000 --- [    Test worker] c.s.b.s.web.IndexControllerTest          : Starting IndexControllerTest on csw111 with PID 6000 (started by sung in C:\Users\c\freelec-springboot-webservice)
2020-04-18 19:29:06.466  INFO 6000 --- [    Test worker] c.s.b.s.web.IndexControllerTest          : No active profile set, falling back to default profiles: default
2020-04-18 19:29:07.300  INFO 6000 --- [    Test worker] .s.d.r.c.RepositoryConfigurationDelegate : Bootstrapping Spring Data repositories in DEFAULT mode.
2020-04-18 19:29:07.403  INFO 6000 --- [    Test worker] .s.d.r.c.RepositoryConfigurationDelegate : Finished Spring Data repository scanning in 101ms. Found 2 repository interfaces.
2020-04-18 19:29:07.705  INFO 6000 --- [    Test worker] trationDelegate$BeanPostProcessorChecker : Bean 'org.springframework.transaction.annotation.ProxyTransactionManagementConfiguration' of type [org.springframework.transaction.annotation.ProxyTransactionManagementConfiguration$$EnhancerBySpringCGLIB$$5e73540] is not eligible for getting processed by all BeanPostProcessors (for example: not eligible for auto-proxying)
2020-04-18 19:29:08.479  INFO 6000 --- [    Test worker] o.s.b.w.embedded.tomcat.TomcatWebServer  : Tomcat initialized with port(s): 0 (http)
2020-04-18 19:29:08.549  INFO 6000 --- [    Test worker] o.apache.catalina.core.StandardService   : Starting service [Tomcat]
2020-04-18 19:29:08.549  INFO 6000 --- [    Test worker] org.apache.catalina.core.StandardEngine  : Starting Servlet engine: [Apache Tomcat/9.0.22]
2020-04-18 19:29:09.158  INFO 6000 --- [    Test worker] o.a.c.c.C.[Tomcat].[localhost].[/]       : Initializing Spring embedded WebApplicationContext
2020-04-18 19:29:09.159  INFO 6000 --- [    Test worker] o.s.web.context.ContextLoader            : Root WebApplicationContext: initialization completed in 2682 ms
2020-04-18 19:29:09.879  INFO 6000 --- [    Test worker] com.zaxxer.hikari.HikariDataSource       : HikariPool-2 - Starting...
2020-04-18 19:29:09.881  INFO 6000 --- [    Test worker] com.zaxxer.hikari.HikariDataSource       : HikariPool-2 - Start completed.
2020-04-18 19:29:10.032  INFO 6000 --- [    Test worker] o.hibernate.jpa.internal.util.LogHelper  : HHH000204: Processing PersistenceUnitInfo [
	name: default
	...]
2020-04-18 19:29:10.079  INFO 6000 --- [    Test worker] org.hibernate.dialect.Dialect            : HHH000400: Using dialect: org.hibernate.dialect.MySQL5InnoDBDialect
Hibernate: drop table if exists posts
Hibernate: drop table if exists user
Hibernate: create table posts (id bigint not null auto_increment, created_date datetime, modified_date datetime, author varchar(255), content TEXT not null, title varchar(500) not null, primary key (id)) engine=InnoDB
Hibernate: create table user (id bigint not null auto_increment, created_date datetime, modified_date datetime, email varchar(255) not null, name varchar(255) not null, picture varchar(255), role varchar(255) not null, primary key (id)) engine=InnoDB
2020-04-18 19:29:10.259  INFO 6000 --- [    Test worker] o.h.t.schema.internal.SchemaCreatorImpl  : HHH000476: Executing import script 'org.hibernate.tool.schema.internal.exec.ScriptSourceInputNonExistentImpl@1918c237'
2020-04-18 19:29:10.260  INFO 6000 --- [    Test worker] j.LocalContainerEntityManagerFactoryBean : Initialized JPA EntityManagerFactory for persistence unit 'default'
2020-04-18 19:29:11.164  INFO 6000 --- [    Test worker] o.h.h.i.QueryTranslatorFactoryInitiator  : HHH000397: Using ASTQueryTranslatorFactory
2020-04-18 19:29:11.752  INFO 6000 --- [    Test worker] o.s.s.web.DefaultSecurityFilterChain     : Creating filter chain: any request, [org.springframework.security.web.context.request.async.WebAsyncManagerIntegrationFilter@71e825c6, org.springframework.security.web.context.SecurityContextPersistenceFilter@52be05df, org.springframework.security.web.header.HeaderWriterFilter@39c3c6f0, org.springframework.security.web.authentication.logout.LogoutFilter@7ffccae9, org.springframework.security.oauth2.client.web.OAuth2AuthorizationRequestRedirectFilter@5195ad45, org.springframework.security.oauth2.client.web.OAuth2LoginAuthenticationFilter@59cc4348, org.springframework.security.web.authentication.ui.DefaultLoginPageGeneratingFilter@5d4ebc62, org.springframework.security.web.authentication.ui.DefaultLogoutPageGeneratingFilter@425cad38, org.springframework.security.web.savedrequest.RequestCacheAwareFilter@5c6741a7, org.springframework.security.web.servletapi.SecurityContextHolderAwareRequestFilter@7b34e89d, org.springframework.security.web.authentication.AnonymousAuthenticationFilter@3e5fdfb3, org.springframework.security.web.session.SessionManagementFilter@564771e, org.springframework.security.web.access.ExceptionTranslationFilter@5b1ab9a6, org.springframework.security.web.access.intercept.FilterSecurityInterceptor@5b0d0152]
2020-04-18 19:29:12.205  INFO 6000 --- [    Test worker] o.s.s.concurrent.ThreadPoolTaskExecutor  : Initializing ExecutorService 'applicationTaskExecutor'
2020-04-18 19:29:12.229  WARN 6000 --- [    Test worker] aWebConfiguration$JpaWebMvcConfiguration : spring.jpa.open-in-view is enabled by default. Therefore, database queries may be performed during view rendering. Explicitly configure spring.jpa.open-in-view to disable this warning
2020-04-18 19:29:12.290  INFO 6000 --- [    Test worker] o.s.b.a.w.s.WelcomePageHandlerMapping    : Adding welcome page template: index
2020-04-18 19:29:13.495  INFO 6000 --- [    Test worker] s.a.ScheduledAnnotationBeanPostProcessor : No TaskScheduler/ScheduledExecutorService bean found for scheduled processing
2020-04-18 19:29:13.554  INFO 6000 --- [    Test worker] o.s.b.w.embedded.tomcat.TomcatWebServer  : Tomcat started on port(s): 4810 (http) with context path ''
2020-04-18 19:29:13.578  INFO 6000 --- [    Test worker] c.s.b.s.web.IndexControllerTest          : Started IndexControllerTest in 7.249 seconds (JVM running for 35.971)
2020-04-18 19:29:13.912  INFO 6000 --- [o-auto-1-exec-1] o.a.c.c.C.[Tomcat].[localhost].[/]       : Initializing Spring DispatcherServlet 'dispatcherServlet'
2020-04-18 19:29:13.913  INFO 6000 --- [o-auto-1-exec-1] o.s.web.servlet.DispatcherServlet        : Initializing Servlet 'dispatcherServlet'
2020-04-18 19:29:13.969  INFO 6000 --- [o-auto-1-exec-1] o.s.web.servlet.DispatcherServlet        : Completed initialization in 56 ms
Hibernate: select posts0_.id as id1_0_, posts0_.created_date as created_2_0_, posts0_.modified_date as modified3_0_, posts0_.author as author4_0_, posts0_.content as content5_0_, posts0_.title as title6_0_ from posts posts0_ order by posts0_.id DESC
]]></system-out>
  <system-err><![CDATA[]]></system-err>
</testsuite>
