<?xml version="1.0" encoding="UTF-8"?>
<testsuite name="com.susu.book.springboot.web.PostsApiControllerTest" tests="2" skipped="0" failures="0" errors="0" timestamp="2020-04-18T10:58:32" hostname="csw111" time="0.194">
  <properties/>
  <testcase name="Posts_등록된다" classname="com.susu.book.springboot.web.PostsApiControllerTest" time="0.133"/>
  <testcase name="Posts_수정된다" classname="com.susu.book.springboot.web.PostsApiControllerTest" time="0.06"/>
  <system-out><![CDATA[2020-04-18 19:58:32.176  INFO 6268 --- [    Test worker] .b.t.c.SpringBootTestContextBootstrapper : Neither @ContextConfiguration nor @ContextHierarchy found for test class [com.susu.book.springboot.web.PostsApiControllerTest], using SpringBootContextLoader
2020-04-18 19:58:32.180  INFO 6268 --- [    Test worker] o.s.t.c.support.AbstractContextLoader    : Could not detect default resource locations for test class [com.susu.book.springboot.web.PostsApiControllerTest]: no resource found for suffixes {-context.xml, Context.groovy}.
2020-04-18 19:58:32.180  INFO 6268 --- [    Test worker] t.c.s.AnnotationConfigContextLoaderUtils : Could not detect default configuration classes for test class [com.susu.book.springboot.web.PostsApiControllerTest]: PostsApiControllerTest does not declare any static, non-private, non-final, nested classes annotated with @Configuration.
2020-04-18 19:58:32.180  INFO 6268 --- [    Test worker] .b.t.c.SpringBootTestContextBootstrapper : Found @SpringBootConfiguration com.susu.book.springboot.Application for test class com.susu.book.springboot.web.PostsApiControllerTest
2020-04-18 19:58:32.188  INFO 6268 --- [    Test worker] .b.t.c.SpringBootTestContextBootstrapper : Loaded default TestExecutionListener class names from location [META-INF/spring.factories]: [org.springframework.security.test.context.support.WithSecurityContextTestExecutionListener, org.springframework.security.test.context.support.ReactorContextTestExecutionListener, org.springframework.boot.test.autoconfigure.restdocs.RestDocsTestExecutionListener, org.springframework.boot.test.autoconfigure.web.client.MockRestServiceServerResetTestExecutionListener, org.springframework.boot.test.autoconfigure.web.servlet.MockMvcPrintOnlyOnFailureTestExecutionListener, org.springframework.boot.test.autoconfigure.web.servlet.WebDriverTestExecutionListener, org.springframework.boot.test.mock.mockito.MockitoTestExecutionListener, org.springframework.boot.test.mock.mockito.ResetMocksTestExecutionListener, org.springframework.test.context.web.ServletTestExecutionListener, org.springframework.test.context.support.DirtiesContextBeforeModesTestExecutionListener, org.springframework.test.context.support.DependencyInjectionTestExecutionListener, org.springframework.test.context.support.DirtiesContextTestExecutionListener, org.springframework.test.context.transaction.TransactionalTestExecutionListener, org.springframework.test.context.jdbc.SqlScriptsTestExecutionListener]
2020-04-18 19:58:32.191  INFO 6268 --- [    Test worker] .b.t.c.SpringBootTestContextBootstrapper : Using TestExecutionListeners: [org.springframework.test.context.web.ServletTestExecutionListener@3d82a4dc, org.springframework.test.context.support.DirtiesContextBeforeModesTestExecutionListener@21e7ca00, org.springframework.boot.test.mock.mockito.MockitoTestExecutionListener@409389d, org.springframework.boot.test.autoconfigure.SpringBootDependencyInjectionTestExecutionListener@4a10a273, org.springframework.test.context.support.DirtiesContextTestExecutionListener@621c5ba9, org.springframework.test.context.transaction.TransactionalTestExecutionListener@7db42a20, org.springframework.test.context.jdbc.SqlScriptsTestExecutionListener@30b438db, org.springframework.security.test.context.support.WithSecurityContextTestExecutionListener@7ff81784, org.springframework.security.test.context.support.ReactorContextTestExecutionListener@7fb9dac1, org.springframework.boot.test.autoconfigure.restdocs.RestDocsTestExecutionListener@23801a3c, org.springframework.boot.test.autoconfigure.web.client.MockRestServiceServerResetTestExecutionListener@32e39c77, org.springframework.boot.test.autoconfigure.web.servlet.MockMvcPrintOnlyOnFailureTestExecutionListener@d98f998, org.springframework.boot.test.autoconfigure.web.servlet.WebDriverTestExecutionListener@3c465538, org.springframework.boot.test.mock.mockito.ResetMocksTestExecutionListener@1fb4f976]
2020-04-18 19:58:32.207  INFO 6268 --- [    Test worker] o.a.c.c.C.[Tomcat].[localhost].[/]       : Initializing Spring TestDispatcherServlet ''
2020-04-18 19:58:32.207  INFO 6268 --- [    Test worker] o.s.t.web.servlet.TestDispatcherServlet  : Initializing Servlet ''
2020-04-18 19:58:32.210  INFO 6268 --- [    Test worker] o.s.t.web.servlet.TestDispatcherServlet  : Completed initialization in 3 ms
Hibernate: insert into posts (created_date, modified_date, author, content, title) values (?, ?, ?, ?, ?)
Hibernate: select posts0_.id as id1_0_, posts0_.created_date as created_2_0_, posts0_.modified_date as modified3_0_, posts0_.author as author4_0_, posts0_.content as content5_0_, posts0_.title as title6_0_ from posts posts0_
Hibernate: select posts0_.id as id1_0_, posts0_.created_date as created_2_0_, posts0_.modified_date as modified3_0_, posts0_.author as author4_0_, posts0_.content as content5_0_, posts0_.title as title6_0_ from posts posts0_
Hibernate: delete from posts where id=?
2020-04-18 19:58:32.324  INFO 6268 --- [    Test worker] o.a.c.c.C.[Tomcat].[localhost].[/]       : Initializing Spring TestDispatcherServlet ''
2020-04-18 19:58:32.324  INFO 6268 --- [    Test worker] o.s.t.web.servlet.TestDispatcherServlet  : Initializing Servlet ''
2020-04-18 19:58:32.341  INFO 6268 --- [    Test worker] o.s.t.web.servlet.TestDispatcherServlet  : Completed initialization in 17 ms
Hibernate: insert into posts (created_date, modified_date, author, content, title) values (?, ?, ?, ?, ?)
Hibernate: select posts0_.id as id1_0_0_, posts0_.created_date as created_2_0_0_, posts0_.modified_date as modified3_0_0_, posts0_.author as author4_0_0_, posts0_.content as content5_0_0_, posts0_.title as title6_0_0_ from posts posts0_ where posts0_.id=?
Hibernate: update posts set created_date=?, modified_date=?, author=?, content=?, title=? where id=?
Hibernate: select posts0_.id as id1_0_, posts0_.created_date as created_2_0_, posts0_.modified_date as modified3_0_, posts0_.author as author4_0_, posts0_.content as content5_0_, posts0_.title as title6_0_ from posts posts0_
Hibernate: select posts0_.id as id1_0_, posts0_.created_date as created_2_0_, posts0_.modified_date as modified3_0_, posts0_.author as author4_0_, posts0_.content as content5_0_, posts0_.title as title6_0_ from posts posts0_
Hibernate: delete from posts where id=?
]]></system-out>
  <system-err><![CDATA[]]></system-err>
</testsuite>
