<?xml version="1.0" encoding="UTF-8"?>
<testsuite name="com.susu.book.springboot.web.HelloControllerTest" tests="2" skipped="0" failures="0" errors="0" timestamp="2020-04-18T10:29:05" hostname="csw111" time="0.397">
  <properties/>
  <testcase name="hello가_리턴된다" classname="com.susu.book.springboot.web.HelloControllerTest" time="0.201"/>
  <testcase name="helloDto가_리턴된다" classname="com.susu.book.springboot.web.HelloControllerTest" time="0.194"/>
  <system-out><![CDATA[2020-04-18 19:28:59.997  INFO 6000 --- [    Test worker] .b.t.a.w.s.WebMvcTestContextBootstrapper : Neither @ContextConfiguration nor @ContextHierarchy found for test class [com.susu.book.springboot.web.HelloControllerTest], using SpringBootContextLoader
2020-04-18 19:29:00.001  INFO 6000 --- [    Test worker] o.s.t.c.support.AbstractContextLoader    : Could not detect default resource locations for test class [com.susu.book.springboot.web.HelloControllerTest]: no resource found for suffixes {-context.xml, Context.groovy}.
2020-04-18 19:29:00.002  INFO 6000 --- [    Test worker] t.c.s.AnnotationConfigContextLoaderUtils : Could not detect default configuration classes for test class [com.susu.book.springboot.web.HelloControllerTest]: HelloControllerTest does not declare any static, non-private, non-final, nested classes annotated with @Configuration.
2020-04-18 19:29:00.162  INFO 6000 --- [    Test worker] .b.t.c.SpringBootTestContextBootstrapper : Found @SpringBootConfiguration com.susu.book.springboot.Application for test class com.susu.book.springboot.web.HelloControllerTest
2020-04-18 19:29:00.163  INFO 6000 --- [    Test worker] .b.t.a.w.s.WebMvcTestContextBootstrapper : Loaded default TestExecutionListener class names from location [META-INF/spring.factories]: [org.springframework.security.test.context.support.WithSecurityContextTestExecutionListener, org.springframework.security.test.context.support.ReactorContextTestExecutionListener, org.springframework.boot.test.autoconfigure.restdocs.RestDocsTestExecutionListener, org.springframework.boot.test.autoconfigure.web.client.MockRestServiceServerResetTestExecutionListener, org.springframework.boot.test.autoconfigure.web.servlet.MockMvcPrintOnlyOnFailureTestExecutionListener, org.springframework.boot.test.autoconfigure.web.servlet.WebDriverTestExecutionListener, org.springframework.boot.test.mock.mockito.MockitoTestExecutionListener, org.springframework.boot.test.mock.mockito.ResetMocksTestExecutionListener, org.springframework.test.context.web.ServletTestExecutionListener, org.springframework.test.context.support.DirtiesContextBeforeModesTestExecutionListener, org.springframework.test.context.support.DependencyInjectionTestExecutionListener, org.springframework.test.context.support.DirtiesContextTestExecutionListener, org.springframework.test.context.transaction.TransactionalTestExecutionListener, org.springframework.test.context.jdbc.SqlScriptsTestExecutionListener]
2020-04-18 19:29:00.166  INFO 6000 --- [    Test worker] .b.t.a.w.s.WebMvcTestContextBootstrapper : Using TestExecutionListeners: [org.springframework.test.context.web.ServletTestExecutionListener@4475c55b, org.springframework.test.context.support.DirtiesContextBeforeModesTestExecutionListener@5fc32923, org.springframework.boot.test.mock.mockito.MockitoTestExecutionListener@77cf0127, org.springframework.boot.test.autoconfigure.SpringBootDependencyInjectionTestExecutionListener@309fb974, org.springframework.test.context.support.DirtiesContextTestExecutionListener@5a2aed21, org.springframework.test.context.transaction.TransactionalTestExecutionListener@1ce65d76, org.springframework.test.context.jdbc.SqlScriptsTestExecutionListener@132fa1f4, org.springframework.security.test.context.support.WithSecurityContextTestExecutionListener@5e36eefc, org.springframework.security.test.context.support.ReactorContextTestExecutionListener@537843fe, org.springframework.boot.test.autoconfigure.restdocs.RestDocsTestExecutionListener@7d5ba90a, org.springframework.boot.test.autoconfigure.web.client.MockRestServiceServerResetTestExecutionListener@13158754, org.springframework.boot.test.autoconfigure.web.servlet.MockMvcPrintOnlyOnFailureTestExecutionListener@7abdcac4, org.springframework.boot.test.autoconfigure.web.servlet.WebDriverTestExecutionListener@6b4b01de, org.springframework.boot.test.mock.mockito.ResetMocksTestExecutionListener@4bf8e644]

  .   ____          _            __ _ _
 /\\ / ___'_ __ _ _(_)_ __  __ _ \ \ \ \
( ( )\___ | '_ | '_| | '_ \/ _` | \ \ \ \
 \\/  ___)| |_)| | | | | || (_| |  ) ) ) )
  '  |____| .__|_| |_|_| |_\__, | / / / /
 =========|_|==============|___/=/_/_/_/
 :: Spring Boot ::        (v2.1.7.RELEASE)

2020-04-18 19:29:00.401  INFO 6000 --- [    Test worker] c.s.b.s.web.HelloControllerTest          : Starting HelloControllerTest on csw111 with PID 6000 (started by sung in C:\Users\c\freelec-springboot-webservice)
2020-04-18 19:29:00.404  INFO 6000 --- [    Test worker] c.s.b.s.web.HelloControllerTest          : No active profile set, falling back to default profiles: default
2020-04-18 19:29:03.521  INFO 6000 --- [    Test worker] o.s.s.concurrent.ThreadPoolTaskExecutor  : Initializing ExecutorService 'applicationTaskExecutor'
2020-04-18 19:29:03.639  INFO 6000 --- [    Test worker] o.s.b.a.w.s.WelcomePageHandlerMapping    : Adding welcome page template: index
2020-04-18 19:29:04.672  INFO 6000 --- [    Test worker] .s.s.UserDetailsServiceAutoConfiguration : 

Using generated security password: 41d5d4c3-1748-49a2-a37b-84af9449159c

2020-04-18 19:29:05.559  INFO 6000 --- [    Test worker] o.s.s.web.DefaultSecurityFilterChain     : Creating filter chain: any request, [org.springframework.security.web.context.request.async.WebAsyncManagerIntegrationFilter@51e9cc7d, org.springframework.security.web.context.SecurityContextPersistenceFilter@20a0c0be, org.springframework.security.web.header.HeaderWriterFilter@2923d0c9, org.springframework.security.web.csrf.CsrfFilter@4de96eed, org.springframework.security.web.authentication.logout.LogoutFilter@4c03014c, org.springframework.security.web.authentication.UsernamePasswordAuthenticationFilter@224284e1, org.springframework.security.web.authentication.ui.DefaultLoginPageGeneratingFilter@6f199a11, org.springframework.security.web.authentication.ui.DefaultLogoutPageGeneratingFilter@44a55ca2, org.springframework.security.web.authentication.www.BasicAuthenticationFilter@72d70b34, org.springframework.security.web.savedrequest.RequestCacheAwareFilter@2dad8fc9, org.springframework.security.web.servletapi.SecurityContextHolderAwareRequestFilter@1a3fa72d, org.springframework.security.web.authentication.AnonymousAuthenticationFilter@c7a9f8c, org.springframework.security.web.session.SessionManagementFilter@2f3b4d06, org.springframework.security.web.access.ExceptionTranslationFilter@61dd8ba8, org.springframework.security.web.access.intercept.FilterSecurityInterceptor@6801e340]
2020-04-18 19:29:05.685  INFO 6000 --- [    Test worker] o.s.b.t.m.w.SpringBootMockServletContext : Initializing Spring TestDispatcherServlet ''
2020-04-18 19:29:05.689  INFO 6000 --- [    Test worker] o.s.t.web.servlet.TestDispatcherServlet  : Initializing Servlet ''
2020-04-18 19:29:05.732  INFO 6000 --- [    Test worker] o.s.t.web.servlet.TestDispatcherServlet  : Completed initialization in 43 ms
2020-04-18 19:29:05.893  INFO 6000 --- [    Test worker] c.s.b.s.web.HelloControllerTest          : Started HelloControllerTest in 5.716 seconds (JVM running for 28.285)
]]></system-out>
  <system-err><![CDATA[]]></system-err>
</testsuite>
