<?xml version="1.0" encoding="UTF-8"?>
<testsuite name="com.susu.book.springboot.domain.posts.PostsRepositoryTest" tests="2" skipped="0" failures="0" errors="0" timestamp="2020-04-18T15:11:45" hostname="csw111" time="0.739">
  <properties/>
  <testcase name="게시글저장_불러오기" classname="com.susu.book.springboot.domain.posts.PostsRepositoryTest" time="0.682"/>
  <testcase name="BaseTimeEntity_등록" classname="com.susu.book.springboot.domain.posts.PostsRepositoryTest" time="0.055"/>
  <system-out><![CDATA[00:11:25.828 [Test worker] DEBUG org.springframework.test.context.junit4.SpringJUnit4ClassRunner - SpringJUnit4ClassRunner constructor called with [class com.susu.book.springboot.domain.posts.PostsRepositoryTest]
00:11:25.866 [Test worker] DEBUG org.springframework.test.context.BootstrapUtils - Instantiating CacheAwareContextLoaderDelegate from class [org.springframework.test.context.cache.DefaultCacheAwareContextLoaderDelegate]
00:11:25.882 [Test worker] DEBUG org.springframework.test.context.BootstrapUtils - Instantiating BootstrapContext using constructor [public org.springframework.test.context.support.DefaultBootstrapContext(java.lang.Class,org.springframework.test.context.CacheAwareContextLoaderDelegate)]
00:11:25.913 [Test worker] DEBUG org.springframework.test.context.BootstrapUtils - Instantiating TestContextBootstrapper for test class [com.susu.book.springboot.domain.posts.PostsRepositoryTest] from class [org.springframework.boot.test.context.SpringBootTestContextBootstrapper]
00:11:25.951 [Test worker] INFO org.springframework.boot.test.context.SpringBootTestContextBootstrapper - Neither @ContextConfiguration nor @ContextHierarchy found for test class [com.susu.book.springboot.domain.posts.PostsRepositoryTest], using SpringBootContextLoader
00:11:25.951 [Test worker] DEBUG org.springframework.test.context.support.AbstractContextLoader - Did not detect default resource location for test class [com.susu.book.springboot.domain.posts.PostsRepositoryTest]: class path resource [com/susu/book/springboot/domain/posts/PostsRepositoryTest-context.xml] does not exist
00:11:25.951 [Test worker] DEBUG org.springframework.test.context.support.AbstractContextLoader - Did not detect default resource location for test class [com.susu.book.springboot.domain.posts.PostsRepositoryTest]: class path resource [com/susu/book/springboot/domain/posts/PostsRepositoryTestContext.groovy] does not exist
00:11:25.951 [Test worker] INFO org.springframework.test.context.support.AbstractContextLoader - Could not detect default resource locations for test class [com.susu.book.springboot.domain.posts.PostsRepositoryTest]: no resource found for suffixes {-context.xml, Context.groovy}.
00:11:25.951 [Test worker] INFO org.springframework.test.context.support.AnnotationConfigContextLoaderUtils - Could not detect default configuration classes for test class [com.susu.book.springboot.domain.posts.PostsRepositoryTest]: PostsRepositoryTest does not declare any static, non-private, non-final, nested classes annotated with @Configuration.
00:11:26.396 [Test worker] DEBUG org.springframework.test.context.support.ActiveProfilesUtils - Could not find an 'annotation declaring class' for annotation type [org.springframework.test.context.ActiveProfiles] and class [com.susu.book.springboot.domain.posts.PostsRepositoryTest]
00:11:26.709 [Test worker] DEBUG org.springframework.context.annotation.ClassPathScanningCandidateComponentProvider - Identified candidate component class: file [C:\Users\c\freelec-springboot-webservice\build\classes\java\main\com\susu\book\springboot\Application.class]
00:11:26.717 [Test worker] INFO org.springframework.boot.test.context.SpringBootTestContextBootstrapper - Found @SpringBootConfiguration com.susu.book.springboot.Application for test class com.susu.book.springboot.domain.posts.PostsRepositoryTest
00:11:27.012 [Test worker] DEBUG org.springframework.boot.test.context.SpringBootTestContextBootstrapper - @TestExecutionListeners is not present for class [com.susu.book.springboot.domain.posts.PostsRepositoryTest]: using defaults.
00:11:27.020 [Test worker] INFO org.springframework.boot.test.context.SpringBootTestContextBootstrapper - Loaded default TestExecutionListener class names from location [META-INF/spring.factories]: [org.springframework.security.test.context.support.WithSecurityContextTestExecutionListener, org.springframework.security.test.context.support.ReactorContextTestExecutionListener, org.springframework.boot.test.autoconfigure.restdocs.RestDocsTestExecutionListener, org.springframework.boot.test.autoconfigure.web.client.MockRestServiceServerResetTestExecutionListener, org.springframework.boot.test.autoconfigure.web.servlet.MockMvcPrintOnlyOnFailureTestExecutionListener, org.springframework.boot.test.autoconfigure.web.servlet.WebDriverTestExecutionListener, org.springframework.boot.test.mock.mockito.MockitoTestExecutionListener, org.springframework.boot.test.mock.mockito.ResetMocksTestExecutionListener, org.springframework.test.context.web.ServletTestExecutionListener, org.springframework.test.context.support.DirtiesContextBeforeModesTestExecutionListener, org.springframework.test.context.support.DependencyInjectionTestExecutionListener, org.springframework.test.context.support.DirtiesContextTestExecutionListener, org.springframework.test.context.transaction.TransactionalTestExecutionListener, org.springframework.test.context.jdbc.SqlScriptsTestExecutionListener]
00:11:27.072 [Test worker] INFO org.springframework.boot.test.context.SpringBootTestContextBootstrapper - Using TestExecutionListeners: [org.springframework.test.context.web.ServletTestExecutionListener@7fcdbe10, org.springframework.test.context.support.DirtiesContextBeforeModesTestExecutionListener@128b9d2, org.springframework.boot.test.mock.mockito.MockitoTestExecutionListener@3921674b, org.springframework.boot.test.autoconfigure.SpringBootDependencyInjectionTestExecutionListener@77a694df, org.springframework.test.context.support.DirtiesContextTestExecutionListener@65899905, org.springframework.test.context.transaction.TransactionalTestExecutionListener@21ab5a4f, org.springframework.test.context.jdbc.SqlScriptsTestExecutionListener@13826a0e, org.springframework.security.test.context.support.WithSecurityContextTestExecutionListener@50c114cd, org.springframework.security.test.context.support.ReactorContextTestExecutionListener@79a9fe61, org.springframework.boot.test.autoconfigure.restdocs.RestDocsTestExecutionListener@22bba39, org.springframework.boot.test.autoconfigure.web.client.MockRestServiceServerResetTestExecutionListener@2797268, org.springframework.boot.test.autoconfigure.web.servlet.MockMvcPrintOnlyOnFailureTestExecutionListener@5ac67996, org.springframework.boot.test.autoconfigure.web.servlet.WebDriverTestExecutionListener@6c2ade59, org.springframework.boot.test.mock.mockito.ResetMocksTestExecutionListener@338f4b97]
00:11:27.083 [Test worker] DEBUG org.springframework.test.annotation.ProfileValueUtils - Retrieved @ProfileValueSourceConfiguration [null] for test class [com.susu.book.springboot.domain.posts.PostsRepositoryTest]
00:11:27.083 [Test worker] DEBUG org.springframework.test.annotation.ProfileValueUtils - Retrieved ProfileValueSource type [class org.springframework.test.annotation.SystemProfileValueSource] for class [com.susu.book.springboot.domain.posts.PostsRepositoryTest]
00:11:27.083 [Test worker] DEBUG org.springframework.test.annotation.ProfileValueUtils - Retrieved @ProfileValueSourceConfiguration [null] for test class [com.susu.book.springboot.domain.posts.PostsRepositoryTest]
00:11:27.083 [Test worker] DEBUG org.springframework.test.annotation.ProfileValueUtils - Retrieved ProfileValueSource type [class org.springframework.test.annotation.SystemProfileValueSource] for class [com.susu.book.springboot.domain.posts.PostsRepositoryTest]
00:11:27.103 [Test worker] DEBUG org.springframework.test.context.support.AbstractDirtiesContextTestExecutionListener - Before test class: context [DefaultTestContext@2798a245 testClass = PostsRepositoryTest, testInstance = [null], testMethod = [null], testException = [null], mergedContextConfiguration = [WebMergedContextConfiguration@bdb7253 testClass = PostsRepositoryTest, locations = '{}', classes = '{class com.susu.book.springboot.Application}', contextInitializerClasses = '[]', activeProfiles = '{}', propertySourceLocations = '{}', propertySourceProperties = '{org.springframework.boot.test.context.SpringBootTestContextBootstrapper=true}', contextCustomizers = set[org.springframework.boot.test.autoconfigure.properties.PropertyMappingContextCustomizer@0, org.springframework.boot.test.autoconfigure.web.servlet.WebDriverContextCustomizerFactory$Customizer@306734b3, org.springframework.boot.test.context.filter.ExcludeFilterContextCustomizer@55805b9a, org.springframework.boot.test.json.DuplicateJsonObjectContextCustomizerFactory$DuplicateJsonObjectContextCustomizer@6a10d88c, org.springframework.boot.test.mock.mockito.MockitoContextCustomizer@0, org.springframework.boot.test.web.client.TestRestTemplateContextCustomizer@27b7517], resourceBasePath = 'src/main/webapp', contextLoader = 'org.springframework.boot.test.context.SpringBootContextLoader', parent = [null]], attributes = map['org.springframework.test.context.web.ServletTestExecutionListener.activateListener' -> true]], class annotated with @DirtiesContext [false] with mode [null].
00:11:27.103 [Test worker] DEBUG org.springframework.test.annotation.ProfileValueUtils - Retrieved @ProfileValueSourceConfiguration [null] for test class [com.susu.book.springboot.domain.posts.PostsRepositoryTest]
00:11:27.103 [Test worker] DEBUG org.springframework.test.annotation.ProfileValueUtils - Retrieved ProfileValueSource type [class org.springframework.test.annotation.SystemProfileValueSource] for class [com.susu.book.springboot.domain.posts.PostsRepositoryTest]
00:11:27.173 [Test worker] DEBUG org.springframework.test.context.support.TestPropertySourceUtils - Adding inlined properties to environment: {spring.jmx.enabled=false, org.springframework.boot.test.context.SpringBootTestContextBootstrapper=true, server.port=-1}

  .   ____          _            __ _ _
 /\\ / ___'_ __ _ _(_)_ __  __ _ \ \ \ \
( ( )\___ | '_ | '_| | '_ \/ _` | \ \ \ \
 \\/  ___)| |_)| | | | | || (_| |  ) ) ) )
  '  |____| .__|_| |_|_| |_\__, | / / / /
 =========|_|==============|___/=/_/_/_/
 :: Spring Boot ::        (v2.1.7.RELEASE)

2020-04-19 00:11:28.230  INFO 18916 --- [    Test worker] c.s.b.s.d.posts.PostsRepositoryTest      : Starting PostsRepositoryTest on csw111 with PID 18916 (started by sung in C:\Users\c\freelec-springboot-webservice)
2020-04-19 00:11:28.230  INFO 18916 --- [    Test worker] c.s.b.s.d.posts.PostsRepositoryTest      : No active profile set, falling back to default profiles: default
2020-04-19 00:11:31.998  INFO 18916 --- [    Test worker] .s.d.r.c.RepositoryConfigurationDelegate : Bootstrapping Spring Data repositories in DEFAULT mode.
2020-04-19 00:11:32.179  INFO 18916 --- [    Test worker] .s.d.r.c.RepositoryConfigurationDelegate : Finished Spring Data repository scanning in 161ms. Found 2 repository interfaces.
2020-04-19 00:11:33.354  INFO 18916 --- [    Test worker] trationDelegate$BeanPostProcessorChecker : Bean 'org.springframework.transaction.annotation.ProxyTransactionManagementConfiguration' of type [org.springframework.transaction.annotation.ProxyTransactionManagementConfiguration$$EnhancerBySpringCGLIB$$eab2e5d4] is not eligible for getting processed by all BeanPostProcessors (for example: not eligible for auto-proxying)
2020-04-19 00:11:33.912  INFO 18916 --- [    Test worker] com.zaxxer.hikari.HikariDataSource       : HikariPool-1 - Starting...
2020-04-19 00:11:34.319  INFO 18916 --- [    Test worker] com.zaxxer.hikari.HikariDataSource       : HikariPool-1 - Start completed.
2020-04-19 00:11:34.632  INFO 18916 --- [    Test worker] o.hibernate.jpa.internal.util.LogHelper  : HHH000204: Processing PersistenceUnitInfo [
	name: default
	...]
2020-04-19 00:11:34.924  INFO 18916 --- [    Test worker] org.hibernate.Version                    : HHH000412: Hibernate Core {5.3.10.Final}
2020-04-19 00:11:34.924  INFO 18916 --- [    Test worker] org.hibernate.cfg.Environment            : HHH000206: hibernate.properties not found
2020-04-19 00:11:35.457  INFO 18916 --- [    Test worker] o.hibernate.annotations.common.Version   : HCANN000001: Hibernate Commons Annotations {5.0.4.Final}
2020-04-19 00:11:35.921  INFO 18916 --- [    Test worker] org.hibernate.dialect.Dialect            : HHH000400: Using dialect: org.hibernate.dialect.MySQL5InnoDBDialect
Hibernate: drop table if exists posts
Hibernate: drop table if exists user
Hibernate: create table posts (id bigint not null auto_increment, created_date datetime, modified_date datetime, author varchar(255), content TEXT not null, title varchar(500) not null, primary key (id)) engine=InnoDB
Hibernate: create table user (id bigint not null auto_increment, created_date datetime, modified_date datetime, email varchar(255) not null, name varchar(255) not null, picture varchar(255), role varchar(255) not null, primary key (id)) engine=InnoDB
2020-04-19 00:11:37.540  INFO 18916 --- [    Test worker] o.h.t.schema.internal.SchemaCreatorImpl  : HHH000476: Executing import script 'org.hibernate.tool.schema.internal.exec.ScriptSourceInputNonExistentImpl@3f23c2e'
2020-04-19 00:11:37.563  INFO 18916 --- [    Test worker] j.LocalContainerEntityManagerFactoryBean : Initialized JPA EntityManagerFactory for persistence unit 'default'
2020-04-19 00:11:40.630  INFO 18916 --- [    Test worker] o.h.h.i.QueryTranslatorFactoryInitiator  : HHH000397: Using ASTQueryTranslatorFactory
2020-04-19 00:11:42.080  INFO 18916 --- [    Test worker] o.s.s.web.DefaultSecurityFilterChain     : Creating filter chain: any request, [org.springframework.security.web.context.request.async.WebAsyncManagerIntegrationFilter@5c5fb3b6, org.springframework.security.web.context.SecurityContextPersistenceFilter@7802a73c, org.springframework.security.web.header.HeaderWriterFilter@29b1c50f, org.springframework.security.web.authentication.logout.LogoutFilter@3a83dcac, org.springframework.security.oauth2.client.web.OAuth2AuthorizationRequestRedirectFilter@68b9271e, org.springframework.security.oauth2.client.web.OAuth2LoginAuthenticationFilter@33562020, org.springframework.security.web.authentication.ui.DefaultLoginPageGeneratingFilter@7d61a6b3, org.springframework.security.web.authentication.ui.DefaultLogoutPageGeneratingFilter@7a092be4, org.springframework.security.web.savedrequest.RequestCacheAwareFilter@75020d8a, org.springframework.security.web.servletapi.SecurityContextHolderAwareRequestFilter@63d6eb88, org.springframework.security.web.authentication.AnonymousAuthenticationFilter@42036403, org.springframework.security.web.session.SessionManagementFilter@fd23e7, org.springframework.security.web.access.ExceptionTranslationFilter@2b7d537d, org.springframework.security.web.access.intercept.FilterSecurityInterceptor@20d46653]
2020-04-19 00:11:44.109  INFO 18916 --- [    Test worker] o.s.s.concurrent.ThreadPoolTaskExecutor  : Initializing ExecutorService 'applicationTaskExecutor'
2020-04-19 00:11:44.239  WARN 18916 --- [    Test worker] aWebConfiguration$JpaWebMvcConfiguration : spring.jpa.open-in-view is enabled by default. Therefore, database queries may be performed during view rendering. Explicitly configure spring.jpa.open-in-view to disable this warning
2020-04-19 00:11:44.372  INFO 18916 --- [    Test worker] o.s.b.a.w.s.WelcomePageHandlerMapping    : Adding welcome page template: index
2020-04-19 00:11:45.654  INFO 18916 --- [    Test worker] s.a.ScheduledAnnotationBeanPostProcessor : No TaskScheduler/ScheduledExecutorService bean found for scheduled processing
2020-04-19 00:11:45.684  INFO 18916 --- [    Test worker] c.s.b.s.d.posts.PostsRepositoryTest      : Started PostsRepositoryTest in 18.488 seconds (JVM running for 23.709)
Hibernate: insert into posts (created_date, modified_date, author, content, title) values (?, ?, ?, ?, ?)
Hibernate: select posts0_.id as id1_0_, posts0_.created_date as created_2_0_, posts0_.modified_date as modified3_0_, posts0_.author as author4_0_, posts0_.content as content5_0_, posts0_.title as title6_0_ from posts posts0_
Hibernate: select posts0_.id as id1_0_, posts0_.created_date as created_2_0_, posts0_.modified_date as modified3_0_, posts0_.author as author4_0_, posts0_.content as content5_0_, posts0_.title as title6_0_ from posts posts0_
Hibernate: delete from posts where id=?
Hibernate: insert into posts (created_date, modified_date, author, content, title) values (?, ?, ?, ?, ?)
Hibernate: select posts0_.id as id1_0_, posts0_.created_date as created_2_0_, posts0_.modified_date as modified3_0_, posts0_.author as author4_0_, posts0_.content as content5_0_, posts0_.title as title6_0_ from posts posts0_
>>>>>>>>>> createDate=2020-04-19T00:11:46.426617, modifiedDate=2020-04-19T00:11:46.426617
Hibernate: select posts0_.id as id1_0_, posts0_.created_date as created_2_0_, posts0_.modified_date as modified3_0_, posts0_.author as author4_0_, posts0_.content as content5_0_, posts0_.title as title6_0_ from posts posts0_
Hibernate: delete from posts where id=?
]]></system-out>
  <system-err><![CDATA[]]></system-err>
</testsuite>
