<?xml version="1.0" encoding="UTF-8"?>
<testsuite name="com.susu.book.springboot.web.HelloControllerTest" tests="2" skipped="0" failures="0" errors="0" timestamp="2020-04-16T11:23:03" hostname="csw111" time="0.393">
  <properties/>
  <testcase name="hello가_리턴된다" classname="com.susu.book.springboot.web.HelloControllerTest" time="0.19"/>
  <testcase name="helloDto가_리턴된다" classname="com.susu.book.springboot.web.HelloControllerTest" time="0.202"/>
  <system-out><![CDATA[2020-04-16 20:22:55.654  INFO 34564 --- [    Test worker] .b.t.a.w.s.WebMvcTestContextBootstrapper : Neither @ContextConfiguration nor @ContextHierarchy found for test class [com.susu.book.springboot.web.HelloControllerTest], using SpringBootContextLoader
2020-04-16 20:22:55.656  INFO 34564 --- [    Test worker] o.s.t.c.support.AbstractContextLoader    : Could not detect default resource locations for test class [com.susu.book.springboot.web.HelloControllerTest]: no resource found for suffixes {-context.xml, Context.groovy}.
2020-04-16 20:22:55.657  INFO 34564 --- [    Test worker] t.c.s.AnnotationConfigContextLoaderUtils : Could not detect default configuration classes for test class [com.susu.book.springboot.web.HelloControllerTest]: HelloControllerTest does not declare any static, non-private, non-final, nested classes annotated with @Configuration.
2020-04-16 20:22:55.788  INFO 34564 --- [    Test worker] .b.t.c.SpringBootTestContextBootstrapper : Found @SpringBootConfiguration com.susu.book.springboot.Application for test class com.susu.book.springboot.web.HelloControllerTest
2020-04-16 20:22:55.789  INFO 34564 --- [    Test worker] .b.t.a.w.s.WebMvcTestContextBootstrapper : Loaded default TestExecutionListener class names from location [META-INF/spring.factories]: [org.springframework.security.test.context.support.WithSecurityContextTestExecutionListener, org.springframework.security.test.context.support.ReactorContextTestExecutionListener, org.springframework.boot.test.autoconfigure.restdocs.RestDocsTestExecutionListener, org.springframework.boot.test.autoconfigure.web.client.MockRestServiceServerResetTestExecutionListener, org.springframework.boot.test.autoconfigure.web.servlet.MockMvcPrintOnlyOnFailureTestExecutionListener, org.springframework.boot.test.autoconfigure.web.servlet.WebDriverTestExecutionListener, org.springframework.boot.test.mock.mockito.MockitoTestExecutionListener, org.springframework.boot.test.mock.mockito.ResetMocksTestExecutionListener, org.springframework.test.context.web.ServletTestExecutionListener, org.springframework.test.context.support.DirtiesContextBeforeModesTestExecutionListener, org.springframework.test.context.support.DependencyInjectionTestExecutionListener, org.springframework.test.context.support.DirtiesContextTestExecutionListener, org.springframework.test.context.transaction.TransactionalTestExecutionListener, org.springframework.test.context.jdbc.SqlScriptsTestExecutionListener]
2020-04-16 20:22:55.801  INFO 34564 --- [    Test worker] .b.t.a.w.s.WebMvcTestContextBootstrapper : Using TestExecutionListeners: [org.springframework.test.context.web.ServletTestExecutionListener@1115c443, org.springframework.test.context.support.DirtiesContextBeforeModesTestExecutionListener@3df4dad2, org.springframework.boot.test.mock.mockito.MockitoTestExecutionListener@569cf21c, org.springframework.boot.test.autoconfigure.SpringBootDependencyInjectionTestExecutionListener@764366be, org.springframework.test.context.support.DirtiesContextTestExecutionListener@49cb83e9, org.springframework.test.context.transaction.TransactionalTestExecutionListener@5272f248, org.springframework.test.context.jdbc.SqlScriptsTestExecutionListener@634fe608, org.springframework.security.test.context.support.WithSecurityContextTestExecutionListener@e540a49, org.springframework.security.test.context.support.ReactorContextTestExecutionListener@1b1514a1, org.springframework.boot.test.autoconfigure.restdocs.RestDocsTestExecutionListener@5e305539, org.springframework.boot.test.autoconfigure.web.client.MockRestServiceServerResetTestExecutionListener@42538751, org.springframework.boot.test.autoconfigure.web.servlet.MockMvcPrintOnlyOnFailureTestExecutionListener@6cfbcb10, org.springframework.boot.test.autoconfigure.web.servlet.WebDriverTestExecutionListener@5f787a32, org.springframework.boot.test.mock.mockito.ResetMocksTestExecutionListener@33d6579]

  .   ____          _            __ _ _
 /\\ / ___'_ __ _ _(_)_ __  __ _ \ \ \ \
( ( )\___ | '_ | '_| | '_ \/ _` | \ \ \ \
 \\/  ___)| |_)| | | | | || (_| |  ) ) ) )
  '  |____| .__|_| |_|_| |_\__, | / / / /
 =========|_|==============|___/=/_/_/_/
 :: Spring Boot ::        (v2.1.7.RELEASE)

2020-04-16 20:22:56.340  INFO 34564 --- [    Test worker] c.s.b.s.web.HelloControllerTest          : Starting HelloControllerTest on csw111 with PID 34564 (started by sung in C:\Users\c\freelec-springboot-webservice)
2020-04-16 20:22:56.344  INFO 34564 --- [    Test worker] c.s.b.s.web.HelloControllerTest          : No active profile set, falling back to default profiles: default
2020-04-16 20:23:00.198  INFO 34564 --- [    Test worker] o.s.s.concurrent.ThreadPoolTaskExecutor  : Initializing ExecutorService 'applicationTaskExecutor'
2020-04-16 20:23:00.379  INFO 34564 --- [    Test worker] o.s.b.a.w.s.WelcomePageHandlerMapping    : Adding welcome page template: index
2020-04-16 20:23:02.867  INFO 34564 --- [    Test worker] .s.s.UserDetailsServiceAutoConfiguration : 

Using generated security password: 64dd2a94-7193-4982-ae10-f547102cf3d4

2020-04-16 20:23:03.544  INFO 34564 --- [    Test worker] o.s.s.web.DefaultSecurityFilterChain     : Creating filter chain: any request, [org.springframework.security.web.context.request.async.WebAsyncManagerIntegrationFilter@74953d89, org.springframework.security.web.context.SecurityContextPersistenceFilter@65a8fa62, org.springframework.security.web.header.HeaderWriterFilter@7e6fd073, org.springframework.security.web.csrf.CsrfFilter@7dbb2f8c, org.springframework.security.web.authentication.logout.LogoutFilter@16fb73e1, org.springframework.security.web.authentication.UsernamePasswordAuthenticationFilter@472f2361, org.springframework.security.web.authentication.ui.DefaultLoginPageGeneratingFilter@13fa2c7d, org.springframework.security.web.authentication.ui.DefaultLogoutPageGeneratingFilter@7b7312e0, org.springframework.security.web.authentication.www.BasicAuthenticationFilter@1e7af7eb, org.springframework.security.web.savedrequest.RequestCacheAwareFilter@2b998099, org.springframework.security.web.servletapi.SecurityContextHolderAwareRequestFilter@2bf521d1, org.springframework.security.web.authentication.AnonymousAuthenticationFilter@32ff77ca, org.springframework.security.web.session.SessionManagementFilter@5a8c477d, org.springframework.security.web.access.ExceptionTranslationFilter@47f121d7, org.springframework.security.web.access.intercept.FilterSecurityInterceptor@3f55bf59]
2020-04-16 20:23:03.651  INFO 34564 --- [    Test worker] o.s.b.t.m.w.SpringBootMockServletContext : Initializing Spring TestDispatcherServlet ''
2020-04-16 20:23:03.651  INFO 34564 --- [    Test worker] o.s.t.web.servlet.TestDispatcherServlet  : Initializing Servlet ''
2020-04-16 20:23:03.745  INFO 34564 --- [    Test worker] o.s.t.web.servlet.TestDispatcherServlet  : Completed initialization in 94 ms
2020-04-16 20:23:03.857  INFO 34564 --- [    Test worker] c.s.b.s.web.HelloControllerTest          : Started HelloControllerTest in 7.995 seconds (JVM running for 37.879)
]]></system-out>
  <system-err><![CDATA[]]></system-err>
</testsuite>
