<?xml version="1.0" encoding="UTF-8"?>
<testsuite name="com.susu.book.springboot.web.HelloControllerTest" tests="2" skipped="0" failures="0" errors="0" timestamp="2020-04-18T10:24:52" hostname="csw111" time="0.423">
  <properties/>
  <testcase name="hello가_리턴된다" classname="com.susu.book.springboot.web.HelloControllerTest" time="0.167"/>
  <testcase name="helloDto가_리턴된다" classname="com.susu.book.springboot.web.HelloControllerTest" time="0.254"/>
  <system-out><![CDATA[2020-04-18 19:24:49.735  INFO 2108 --- [    Test worker] .b.t.a.w.s.WebMvcTestContextBootstrapper : Neither @ContextConfiguration nor @ContextHierarchy found for test class [com.susu.book.springboot.web.HelloControllerTest], using SpringBootContextLoader
2020-04-18 19:24:49.751  INFO 2108 --- [    Test worker] o.s.t.c.support.AbstractContextLoader    : Could not detect default resource locations for test class [com.susu.book.springboot.web.HelloControllerTest]: no resource found for suffixes {-context.xml, Context.groovy}.
2020-04-18 19:24:49.751  INFO 2108 --- [    Test worker] t.c.s.AnnotationConfigContextLoaderUtils : Could not detect default configuration classes for test class [com.susu.book.springboot.web.HelloControllerTest]: HelloControllerTest does not declare any static, non-private, non-final, nested classes annotated with @Configuration.
2020-04-18 19:24:49.836  INFO 2108 --- [    Test worker] .b.t.c.SpringBootTestContextBootstrapper : Found @SpringBootConfiguration com.susu.book.springboot.Application for test class com.susu.book.springboot.web.HelloControllerTest
2020-04-18 19:24:49.836  INFO 2108 --- [    Test worker] .b.t.a.w.s.WebMvcTestContextBootstrapper : Loaded default TestExecutionListener class names from location [META-INF/spring.factories]: [org.springframework.security.test.context.support.WithSecurityContextTestExecutionListener, org.springframework.security.test.context.support.ReactorContextTestExecutionListener, org.springframework.boot.test.autoconfigure.restdocs.RestDocsTestExecutionListener, org.springframework.boot.test.autoconfigure.web.client.MockRestServiceServerResetTestExecutionListener, org.springframework.boot.test.autoconfigure.web.servlet.MockMvcPrintOnlyOnFailureTestExecutionListener, org.springframework.boot.test.autoconfigure.web.servlet.WebDriverTestExecutionListener, org.springframework.boot.test.mock.mockito.MockitoTestExecutionListener, org.springframework.boot.test.mock.mockito.ResetMocksTestExecutionListener, org.springframework.test.context.web.ServletTestExecutionListener, org.springframework.test.context.support.DirtiesContextBeforeModesTestExecutionListener, org.springframework.test.context.support.DependencyInjectionTestExecutionListener, org.springframework.test.context.support.DirtiesContextTestExecutionListener, org.springframework.test.context.transaction.TransactionalTestExecutionListener, org.springframework.test.context.jdbc.SqlScriptsTestExecutionListener]
2020-04-18 19:24:49.836  INFO 2108 --- [    Test worker] .b.t.a.w.s.WebMvcTestContextBootstrapper : Using TestExecutionListeners: [org.springframework.test.context.web.ServletTestExecutionListener@4b2b5ade, org.springframework.test.context.support.DirtiesContextBeforeModesTestExecutionListener@4920c085, org.springframework.boot.test.mock.mockito.MockitoTestExecutionListener@3db79144, org.springframework.boot.test.autoconfigure.SpringBootDependencyInjectionTestExecutionListener@10191b72, org.springframework.test.context.support.DirtiesContextTestExecutionListener@1754e05, org.springframework.test.context.transaction.TransactionalTestExecutionListener@4e1e9246, org.springframework.test.context.jdbc.SqlScriptsTestExecutionListener@4f220770, org.springframework.security.test.context.support.WithSecurityContextTestExecutionListener@1738576d, org.springframework.security.test.context.support.ReactorContextTestExecutionListener@3c1636e9, org.springframework.boot.test.autoconfigure.restdocs.RestDocsTestExecutionListener@6a01f8f, org.springframework.boot.test.autoconfigure.web.client.MockRestServiceServerResetTestExecutionListener@596681ac, org.springframework.boot.test.autoconfigure.web.servlet.MockMvcPrintOnlyOnFailureTestExecutionListener@c3026d2, org.springframework.boot.test.autoconfigure.web.servlet.WebDriverTestExecutionListener@11cf8c3, org.springframework.boot.test.mock.mockito.ResetMocksTestExecutionListener@746d308]

  .   ____          _            __ _ _
 /\\ / ___'_ __ _ _(_)_ __  __ _ \ \ \ \
( ( )\___ | '_ | '_| | '_ \/ _` | \ \ \ \
 \\/  ___)| |_)| | | | | || (_| |  ) ) ) )
  '  |____| .__|_| |_|_| |_\__, | / / / /
 =========|_|==============|___/=/_/_/_/
 :: Spring Boot ::        (v2.1.7.RELEASE)

2020-04-18 19:24:49.973  INFO 2108 --- [    Test worker] c.s.b.s.web.HelloControllerTest          : Starting HelloControllerTest on csw111 with PID 2108 (started by sung in C:\Users\c\freelec-springboot-webservice)
2020-04-18 19:24:49.973  INFO 2108 --- [    Test worker] c.s.b.s.web.HelloControllerTest          : No active profile set, falling back to default profiles: default
2020-04-18 19:24:51.415  INFO 2108 --- [    Test worker] o.s.s.concurrent.ThreadPoolTaskExecutor  : Initializing ExecutorService 'applicationTaskExecutor'
2020-04-18 19:24:51.525  INFO 2108 --- [    Test worker] o.s.b.a.w.s.WelcomePageHandlerMapping    : Adding welcome page template: index
2020-04-18 19:24:52.285  INFO 2108 --- [    Test worker] .s.s.UserDetailsServiceAutoConfiguration : 

Using generated security password: 29904380-7742-4c2b-9f48-c37acc7904e3

2020-04-18 19:24:52.738  INFO 2108 --- [    Test worker] o.s.s.web.DefaultSecurityFilterChain     : Creating filter chain: any request, [org.springframework.security.web.context.request.async.WebAsyncManagerIntegrationFilter@aed4e05, org.springframework.security.web.context.SecurityContextPersistenceFilter@6b0e9c57, org.springframework.security.web.header.HeaderWriterFilter@3dd1065a, org.springframework.security.web.csrf.CsrfFilter@2b6ee90d, org.springframework.security.web.authentication.logout.LogoutFilter@3d46bdd, org.springframework.security.web.authentication.UsernamePasswordAuthenticationFilter@6811306f, org.springframework.security.web.authentication.ui.DefaultLoginPageGeneratingFilter@5cf3090c, org.springframework.security.web.authentication.ui.DefaultLogoutPageGeneratingFilter@2b79e987, org.springframework.security.web.authentication.www.BasicAuthenticationFilter@373554b2, org.springframework.security.web.savedrequest.RequestCacheAwareFilter@5581f480, org.springframework.security.web.servletapi.SecurityContextHolderAwareRequestFilter@6057dbbc, org.springframework.security.web.authentication.AnonymousAuthenticationFilter@3674b89e, org.springframework.security.web.session.SessionManagementFilter@61abb66c, org.springframework.security.web.access.ExceptionTranslationFilter@2c125472, org.springframework.security.web.access.intercept.FilterSecurityInterceptor@1dd6df1f]
2020-04-18 19:24:52.827  INFO 2108 --- [    Test worker] o.s.b.t.m.w.SpringBootMockServletContext : Initializing Spring TestDispatcherServlet ''
2020-04-18 19:24:52.827  INFO 2108 --- [    Test worker] o.s.t.web.servlet.TestDispatcherServlet  : Initializing Servlet ''
2020-04-18 19:24:52.852  INFO 2108 --- [    Test worker] o.s.t.web.servlet.TestDispatcherServlet  : Completed initialization in 25 ms
2020-04-18 19:24:52.944  INFO 2108 --- [    Test worker] c.s.b.s.web.HelloControllerTest          : Started HelloControllerTest in 3.09 seconds (JVM running for 22.627)
]]></system-out>
  <system-err><![CDATA[]]></system-err>
</testsuite>
