<?xml version="1.0" encoding="UTF-8"?>
<testsuite name="com.susu.book.springboot.web.HelloControllerTest" tests="2" skipped="0" failures="0" errors="0" timestamp="2020-04-18T15:11:49" hostname="csw111" time="0.64">
  <properties/>
  <testcase name="hello가_리턴된다" classname="com.susu.book.springboot.web.HelloControllerTest" time="0.287"/>
  <testcase name="helloDto가_리턴된다" classname="com.susu.book.springboot.web.HelloControllerTest" time="0.35"/>
  <system-out><![CDATA[2020-04-19 00:11:46.489  INFO 18916 --- [    Test worker] .b.t.a.w.s.WebMvcTestContextBootstrapper : Neither @ContextConfiguration nor @ContextHierarchy found for test class [com.susu.book.springboot.web.HelloControllerTest], using SpringBootContextLoader
2020-04-19 00:11:46.489  INFO 18916 --- [    Test worker] o.s.t.c.support.AbstractContextLoader    : Could not detect default resource locations for test class [com.susu.book.springboot.web.HelloControllerTest]: no resource found for suffixes {-context.xml, Context.groovy}.
2020-04-19 00:11:46.489  INFO 18916 --- [    Test worker] t.c.s.AnnotationConfigContextLoaderUtils : Could not detect default configuration classes for test class [com.susu.book.springboot.web.HelloControllerTest]: HelloControllerTest does not declare any static, non-private, non-final, nested classes annotated with @Configuration.
2020-04-19 00:11:46.542  INFO 18916 --- [    Test worker] .b.t.c.SpringBootTestContextBootstrapper : Found @SpringBootConfiguration com.susu.book.springboot.Application for test class com.susu.book.springboot.web.HelloControllerTest
2020-04-19 00:11:46.542  INFO 18916 --- [    Test worker] .b.t.a.w.s.WebMvcTestContextBootstrapper : Loaded default TestExecutionListener class names from location [META-INF/spring.factories]: [org.springframework.security.test.context.support.WithSecurityContextTestExecutionListener, org.springframework.security.test.context.support.ReactorContextTestExecutionListener, org.springframework.boot.test.autoconfigure.restdocs.RestDocsTestExecutionListener, org.springframework.boot.test.autoconfigure.web.client.MockRestServiceServerResetTestExecutionListener, org.springframework.boot.test.autoconfigure.web.servlet.MockMvcPrintOnlyOnFailureTestExecutionListener, org.springframework.boot.test.autoconfigure.web.servlet.WebDriverTestExecutionListener, org.springframework.boot.test.mock.mockito.MockitoTestExecutionListener, org.springframework.boot.test.mock.mockito.ResetMocksTestExecutionListener, org.springframework.test.context.web.ServletTestExecutionListener, org.springframework.test.context.support.DirtiesContextBeforeModesTestExecutionListener, org.springframework.test.context.support.DependencyInjectionTestExecutionListener, org.springframework.test.context.support.DirtiesContextTestExecutionListener, org.springframework.test.context.transaction.TransactionalTestExecutionListener, org.springframework.test.context.jdbc.SqlScriptsTestExecutionListener]
2020-04-19 00:11:46.542  INFO 18916 --- [    Test worker] .b.t.a.w.s.WebMvcTestContextBootstrapper : Using TestExecutionListeners: [org.springframework.test.context.web.ServletTestExecutionListener@1a3dcbde, org.springframework.test.context.support.DirtiesContextBeforeModesTestExecutionListener@36736e1e, org.springframework.boot.test.mock.mockito.MockitoTestExecutionListener@4b2b5ade, org.springframework.boot.test.autoconfigure.SpringBootDependencyInjectionTestExecutionListener@4920c085, org.springframework.test.context.support.DirtiesContextTestExecutionListener@3db79144, org.springframework.test.context.transaction.TransactionalTestExecutionListener@10191b72, org.springframework.test.context.jdbc.SqlScriptsTestExecutionListener@1754e05, org.springframework.security.test.context.support.WithSecurityContextTestExecutionListener@4e1e9246, org.springframework.security.test.context.support.ReactorContextTestExecutionListener@4f220770, org.springframework.boot.test.autoconfigure.restdocs.RestDocsTestExecutionListener@1738576d, org.springframework.boot.test.autoconfigure.web.client.MockRestServiceServerResetTestExecutionListener@3c1636e9, org.springframework.boot.test.autoconfigure.web.servlet.MockMvcPrintOnlyOnFailureTestExecutionListener@6a01f8f, org.springframework.boot.test.autoconfigure.web.servlet.WebDriverTestExecutionListener@596681ac, org.springframework.boot.test.mock.mockito.ResetMocksTestExecutionListener@c3026d2]

  .   ____          _            __ _ _
 /\\ / ___'_ __ _ _(_)_ __  __ _ \ \ \ \
( ( )\___ | '_ | '_| | '_ \/ _` | \ \ \ \
 \\/  ___)| |_)| | | | | || (_| |  ) ) ) )
  '  |____| .__|_| |_|_| |_\__, | / / / /
 =========|_|==============|___/=/_/_/_/
 :: Spring Boot ::        (v2.1.7.RELEASE)

2020-04-19 00:11:46.658  INFO 18916 --- [    Test worker] c.s.b.s.web.HelloControllerTest          : Starting HelloControllerTest on csw111 with PID 18916 (started by sung in C:\Users\c\freelec-springboot-webservice)
2020-04-19 00:11:46.658  INFO 18916 --- [    Test worker] c.s.b.s.web.HelloControllerTest          : No active profile set, falling back to default profiles: default
2020-04-19 00:11:47.776  INFO 18916 --- [    Test worker] o.s.s.concurrent.ThreadPoolTaskExecutor  : Initializing ExecutorService 'applicationTaskExecutor'
2020-04-19 00:11:47.865  INFO 18916 --- [    Test worker] o.s.b.a.w.s.WelcomePageHandlerMapping    : Adding welcome page template: index
2020-04-19 00:11:48.604  INFO 18916 --- [    Test worker] .s.s.UserDetailsServiceAutoConfiguration : 

Using generated security password: 458b8f27-e659-42cd-8ed5-df88ed7dd075

2020-04-19 00:11:49.222  INFO 18916 --- [    Test worker] o.s.s.web.DefaultSecurityFilterChain     : Creating filter chain: any request, [org.springframework.security.web.context.request.async.WebAsyncManagerIntegrationFilter@373554b2, org.springframework.security.web.context.SecurityContextPersistenceFilter@3dd1065a, org.springframework.security.web.header.HeaderWriterFilter@13a32197, org.springframework.security.web.csrf.CsrfFilter@36c139e8, org.springframework.security.web.authentication.logout.LogoutFilter@197f03e5, org.springframework.security.web.authentication.UsernamePasswordAuthenticationFilter@3d7cc1ee, org.springframework.security.web.authentication.ui.DefaultLoginPageGeneratingFilter@5581f480, org.springframework.security.web.authentication.ui.DefaultLogoutPageGeneratingFilter@5f034f3, org.springframework.security.web.authentication.www.BasicAuthenticationFilter@345778b0, org.springframework.security.web.savedrequest.RequestCacheAwareFilter@61abb66c, org.springframework.security.web.servletapi.SecurityContextHolderAwareRequestFilter@6b0e9c57, org.springframework.security.web.authentication.AnonymousAuthenticationFilter@aed4e05, org.springframework.security.web.session.SessionManagementFilter@2c125472, org.springframework.security.web.access.ExceptionTranslationFilter@2b6ee90d, org.springframework.security.web.access.intercept.FilterSecurityInterceptor@27472d92]
2020-04-19 00:11:49.434  INFO 18916 --- [    Test worker] o.s.b.t.m.w.SpringBootMockServletContext : Initializing Spring TestDispatcherServlet ''
2020-04-19 00:11:49.434  INFO 18916 --- [    Test worker] o.s.t.web.servlet.TestDispatcherServlet  : Initializing Servlet ''
2020-04-19 00:11:49.483  INFO 18916 --- [    Test worker] o.s.t.web.servlet.TestDispatcherServlet  : Completed initialization in 49 ms
2020-04-19 00:11:49.586  INFO 18916 --- [    Test worker] c.s.b.s.web.HelloControllerTest          : Started HelloControllerTest in 3.044 seconds (JVM running for 27.616)
]]></system-out>
  <system-err><![CDATA[]]></system-err>
</testsuite>
