<?xml version="1.0" encoding="UTF-8"?>
<testsuite name="com.susu.book.springboot.web.dto.HelloResponseDtoTest" tests="1" skipped="0" failures="0" errors="0" timestamp="2020-04-01T08:57:27" hostname="csw111" time="0.017">
  <properties/>
  <testcase name="롬복_기능_테스트" classname="com.susu.book.springboot.web.dto.HelloResponseDtoTest" time="0.017"/>
  <system-out><![CDATA[]]></system-out>
  <system-err><![CDATA[]]></system-err>
</testsuite>
