<?xml version="1.0" encoding="UTF-8"?>
<testsuite name="com.susu.book.springboot.web.HelloControllerTest" tests="2" skipped="0" failures="0" errors="0" timestamp="2020-04-14T13:19:43" hostname="csw111" time="0.335">
  <properties/>
  <testcase name="hello가_리턴된다" classname="com.susu.book.springboot.web.HelloControllerTest" time="0.141"/>
  <testcase name="helloDto가_리턴된다" classname="com.susu.book.springboot.web.HelloControllerTest" time="0.193"/>
  <system-out><![CDATA[2020-04-14 22:19:40.634  INFO 21716 --- [    Test worker] .b.t.a.w.s.WebMvcTestContextBootstrapper : Neither @ContextConfiguration nor @ContextHierarchy found for test class [com.susu.book.springboot.web.HelloControllerTest], using SpringBootContextLoader
2020-04-14 22:19:40.645  INFO 21716 --- [    Test worker] o.s.t.c.support.AbstractContextLoader    : Could not detect default resource locations for test class [com.susu.book.springboot.web.HelloControllerTest]: no resource found for suffixes {-context.xml, Context.groovy}.
2020-04-14 22:19:40.645  INFO 21716 --- [    Test worker] t.c.s.AnnotationConfigContextLoaderUtils : Could not detect default configuration classes for test class [com.susu.book.springboot.web.HelloControllerTest]: HelloControllerTest does not declare any static, non-private, non-final, nested classes annotated with @Configuration.
2020-04-14 22:19:40.885  INFO 21716 --- [    Test worker] .b.t.c.SpringBootTestContextBootstrapper : Found @SpringBootConfiguration com.susu.book.springboot.Application for test class com.susu.book.springboot.web.HelloControllerTest
2020-04-14 22:19:40.893  INFO 21716 --- [    Test worker] .b.t.a.w.s.WebMvcTestContextBootstrapper : Loaded default TestExecutionListener class names from location [META-INF/spring.factories]: [org.springframework.security.test.context.support.WithSecurityContextTestExecutionListener, org.springframework.security.test.context.support.ReactorContextTestExecutionListener, org.springframework.boot.test.autoconfigure.restdocs.RestDocsTestExecutionListener, org.springframework.boot.test.autoconfigure.web.client.MockRestServiceServerResetTestExecutionListener, org.springframework.boot.test.autoconfigure.web.servlet.MockMvcPrintOnlyOnFailureTestExecutionListener, org.springframework.boot.test.autoconfigure.web.servlet.WebDriverTestExecutionListener, org.springframework.boot.test.mock.mockito.MockitoTestExecutionListener, org.springframework.boot.test.mock.mockito.ResetMocksTestExecutionListener, org.springframework.test.context.web.ServletTestExecutionListener, org.springframework.test.context.support.DirtiesContextBeforeModesTestExecutionListener, org.springframework.test.context.support.DependencyInjectionTestExecutionListener, org.springframework.test.context.support.DirtiesContextTestExecutionListener, org.springframework.test.context.transaction.TransactionalTestExecutionListener, org.springframework.test.context.jdbc.SqlScriptsTestExecutionListener]
2020-04-14 22:19:41.001  INFO 21716 --- [    Test worker] .b.t.a.w.s.WebMvcTestContextBootstrapper : Using TestExecutionListeners: [org.springframework.test.context.web.ServletTestExecutionListener@218ec44d, org.springframework.test.context.support.DirtiesContextBeforeModesTestExecutionListener@17c90bbc, org.springframework.boot.test.mock.mockito.MockitoTestExecutionListener@714a4502, org.springframework.boot.test.autoconfigure.SpringBootDependencyInjectionTestExecutionListener@4f283736, org.springframework.test.context.support.DirtiesContextTestExecutionListener@18533e32, org.springframework.test.context.transaction.TransactionalTestExecutionListener@4798526f, org.springframework.test.context.jdbc.SqlScriptsTestExecutionListener@64d97dcb, org.springframework.security.test.context.support.WithSecurityContextTestExecutionListener@6a4677e1, org.springframework.security.test.context.support.ReactorContextTestExecutionListener@6be56635, org.springframework.boot.test.autoconfigure.restdocs.RestDocsTestExecutionListener@6eeb5a0c, org.springframework.boot.test.autoconfigure.web.client.MockRestServiceServerResetTestExecutionListener@41f3553f, org.springframework.boot.test.autoconfigure.web.servlet.MockMvcPrintOnlyOnFailureTestExecutionListener@18d3cb9f, org.springframework.boot.test.autoconfigure.web.servlet.WebDriverTestExecutionListener@58c7d27e, org.springframework.boot.test.mock.mockito.ResetMocksTestExecutionListener@6c48c850]

  .   ____          _            __ _ _
 /\\ / ___'_ __ _ _(_)_ __  __ _ \ \ \ \
( ( )\___ | '_ | '_| | '_ \/ _` | \ \ \ \
 \\/  ___)| |_)| | | | | || (_| |  ) ) ) )
  '  |____| .__|_| |_|_| |_\__, | / / / /
 =========|_|==============|___/=/_/_/_/
 :: Spring Boot ::        (v2.1.7.RELEASE)

2020-04-14 22:19:41.231  INFO 21716 --- [    Test worker] c.s.b.s.web.HelloControllerTest          : Starting HelloControllerTest on csw111 with PID 21716 (started by sung in C:\Users\c\freelec-springboot-webservice)
2020-04-14 22:19:41.237  INFO 21716 --- [    Test worker] c.s.b.s.web.HelloControllerTest          : No active profile set, falling back to default profiles: default
2020-04-14 22:19:42.337  INFO 21716 --- [    Test worker] o.s.s.concurrent.ThreadPoolTaskExecutor  : Initializing ExecutorService 'applicationTaskExecutor'
2020-04-14 22:19:42.432  INFO 21716 --- [    Test worker] o.s.b.a.w.s.WelcomePageHandlerMapping    : Adding welcome page template: index
2020-04-14 22:19:43.092  INFO 21716 --- [    Test worker] .s.s.UserDetailsServiceAutoConfiguration : 

Using generated security password: 4e481c43-cde1-408e-8e76-27ef56accc33

2020-04-14 22:19:43.519  INFO 21716 --- [    Test worker] o.s.s.web.DefaultSecurityFilterChain     : Creating filter chain: any request, [org.springframework.security.web.context.request.async.WebAsyncManagerIntegrationFilter@32e9b651, org.springframework.security.web.context.SecurityContextPersistenceFilter@3f90ab62, org.springframework.security.web.header.HeaderWriterFilter@3cc58522, org.springframework.security.web.csrf.CsrfFilter@4ef90e69, org.springframework.security.web.authentication.logout.LogoutFilter@7d3c455e, org.springframework.security.web.authentication.UsernamePasswordAuthenticationFilter@64d99755, org.springframework.security.web.authentication.ui.DefaultLoginPageGeneratingFilter@66f69b64, org.springframework.security.web.authentication.ui.DefaultLogoutPageGeneratingFilter@a9021ca, org.springframework.security.web.authentication.www.BasicAuthenticationFilter@7b44f7e, org.springframework.security.web.savedrequest.RequestCacheAwareFilter@6c7bbbf, org.springframework.security.web.servletapi.SecurityContextHolderAwareRequestFilter@16bbd2d0, org.springframework.security.web.authentication.AnonymousAuthenticationFilter@2ffa4059, org.springframework.security.web.session.SessionManagementFilter@3a495e95, org.springframework.security.web.access.ExceptionTranslationFilter@1ba45946, org.springframework.security.web.access.intercept.FilterSecurityInterceptor@62f702df]
2020-04-14 22:19:43.626  INFO 21716 --- [    Test worker] o.s.b.t.m.w.SpringBootMockServletContext : Initializing Spring TestDispatcherServlet ''
2020-04-14 22:19:43.626  INFO 21716 --- [    Test worker] o.s.t.web.servlet.TestDispatcherServlet  : Initializing Servlet ''
2020-04-14 22:19:43.658  INFO 21716 --- [    Test worker] o.s.t.web.servlet.TestDispatcherServlet  : Completed initialization in 32 ms
2020-04-14 22:19:43.744  INFO 21716 --- [    Test worker] c.s.b.s.web.HelloControllerTest          : Started HelloControllerTest in 2.703 seconds (JVM running for 24.497)
]]></system-out>
  <system-err><![CDATA[]]></system-err>
</testsuite>
