<?xml version="1.0" encoding="UTF-8"?>
<testsuite name="com.susu.book.springboot.web.HelloControllerTest" tests="2" skipped="0" failures="0" errors="0" timestamp="2020-04-16T12:55:57" hostname="csw111" time="0.099">
  <properties/>
  <testcase name="hello가_리턴된다" classname="com.susu.book.springboot.web.HelloControllerTest" time="0.025"/>
  <testcase name="helloDto가_리턴된다" classname="com.susu.book.springboot.web.HelloControllerTest" time="0.072"/>
  <system-out><![CDATA[2020-04-16 21:55:55.409  INFO 22648 --- [    Test worker] .b.t.a.w.s.WebMvcTestContextBootstrapper : Neither @ContextConfiguration nor @ContextHierarchy found for test class [com.susu.book.springboot.web.HelloControllerTest], using SpringBootContextLoader
2020-04-16 21:55:55.412  INFO 22648 --- [    Test worker] o.s.t.c.support.AbstractContextLoader    : Could not detect default resource locations for test class [com.susu.book.springboot.web.HelloControllerTest]: no resource found for suffixes {-context.xml, Context.groovy}.
2020-04-16 21:55:55.413  INFO 22648 --- [    Test worker] t.c.s.AnnotationConfigContextLoaderUtils : Could not detect default configuration classes for test class [com.susu.book.springboot.web.HelloControllerTest]: HelloControllerTest does not declare any static, non-private, non-final, nested classes annotated with @Configuration.
2020-04-16 21:55:55.448  INFO 22648 --- [    Test worker] .b.t.c.SpringBootTestContextBootstrapper : Found @SpringBootConfiguration com.susu.book.springboot.Application for test class com.susu.book.springboot.web.HelloControllerTest
2020-04-16 21:55:55.449  INFO 22648 --- [    Test worker] .b.t.a.w.s.WebMvcTestContextBootstrapper : Loaded default TestExecutionListener class names from location [META-INF/spring.factories]: [org.springframework.security.test.context.support.WithSecurityContextTestExecutionListener, org.springframework.security.test.context.support.ReactorContextTestExecutionListener, org.springframework.boot.test.autoconfigure.restdocs.RestDocsTestExecutionListener, org.springframework.boot.test.autoconfigure.web.client.MockRestServiceServerResetTestExecutionListener, org.springframework.boot.test.autoconfigure.web.servlet.MockMvcPrintOnlyOnFailureTestExecutionListener, org.springframework.boot.test.autoconfigure.web.servlet.WebDriverTestExecutionListener, org.springframework.boot.test.mock.mockito.MockitoTestExecutionListener, org.springframework.boot.test.mock.mockito.ResetMocksTestExecutionListener, org.springframework.test.context.web.ServletTestExecutionListener, org.springframework.test.context.support.DirtiesContextBeforeModesTestExecutionListener, org.springframework.test.context.support.DependencyInjectionTestExecutionListener, org.springframework.test.context.support.DirtiesContextTestExecutionListener, org.springframework.test.context.transaction.TransactionalTestExecutionListener, org.springframework.test.context.jdbc.SqlScriptsTestExecutionListener]
2020-04-16 21:55:55.452  INFO 22648 --- [    Test worker] .b.t.a.w.s.WebMvcTestContextBootstrapper : Using TestExecutionListeners: [org.springframework.test.context.web.ServletTestExecutionListener@3d6691eb, org.springframework.test.context.support.DirtiesContextBeforeModesTestExecutionListener@cc601cb, org.springframework.boot.test.mock.mockito.MockitoTestExecutionListener@10ad0cb4, org.springframework.boot.test.autoconfigure.SpringBootDependencyInjectionTestExecutionListener@37c7d1ae, org.springframework.test.context.support.DirtiesContextTestExecutionListener@3ea7f774, org.springframework.test.context.transaction.TransactionalTestExecutionListener@2537132, org.springframework.test.context.jdbc.SqlScriptsTestExecutionListener@7a630560, org.springframework.security.test.context.support.WithSecurityContextTestExecutionListener@7320e123, org.springframework.security.test.context.support.ReactorContextTestExecutionListener@72bda464, org.springframework.boot.test.autoconfigure.restdocs.RestDocsTestExecutionListener@6b7e81e0, org.springframework.boot.test.autoconfigure.web.client.MockRestServiceServerResetTestExecutionListener@954d1ea, org.springframework.boot.test.autoconfigure.web.servlet.MockMvcPrintOnlyOnFailureTestExecutionListener@7d09101a, org.springframework.boot.test.autoconfigure.web.servlet.WebDriverTestExecutionListener@6288155b, org.springframework.boot.test.mock.mockito.ResetMocksTestExecutionListener@7de6f96b]

  .   ____          _            __ _ _
 /\\ / ___'_ __ _ _(_)_ __  __ _ \ \ \ \
( ( )\___ | '_ | '_| | '_ \/ _` | \ \ \ \
 \\/  ___)| |_)| | | | | || (_| |  ) ) ) )
  '  |____| .__|_| |_|_| |_\__, | / / / /
 =========|_|==============|___/=/_/_/_/
 :: Spring Boot ::        (v2.1.7.RELEASE)

2020-04-16 21:55:55.542  INFO 22648 --- [    Test worker] c.s.b.s.web.HelloControllerTest          : Starting HelloControllerTest on csw111 with PID 22648 (started by sung in C:\Users\c\freelec-springboot-webservice)
2020-04-16 21:55:55.543  INFO 22648 --- [    Test worker] c.s.b.s.web.HelloControllerTest          : No active profile set, falling back to default profiles: default
2020-04-16 21:55:56.582  INFO 22648 --- [    Test worker] o.s.s.concurrent.ThreadPoolTaskExecutor  : Initializing ExecutorService 'applicationTaskExecutor'
2020-04-16 21:55:56.649  INFO 22648 --- [    Test worker] o.s.b.a.w.s.WelcomePageHandlerMapping    : Adding welcome page template: index
2020-04-16 21:55:57.112  INFO 22648 --- [    Test worker] .s.s.UserDetailsServiceAutoConfiguration : 

Using generated security password: 89944e05-c921-4cbc-9181-8073ec4c6d16

2020-04-16 21:55:57.437  INFO 22648 --- [    Test worker] o.s.s.web.DefaultSecurityFilterChain     : Creating filter chain: any request, [org.springframework.security.web.context.request.async.WebAsyncManagerIntegrationFilter@5bd8f3a7, org.springframework.security.web.context.SecurityContextPersistenceFilter@556fca59, org.springframework.security.web.header.HeaderWriterFilter@403cf35c, org.springframework.security.web.csrf.CsrfFilter@5d362ba3, org.springframework.security.web.authentication.logout.LogoutFilter@205aa156, org.springframework.security.web.authentication.UsernamePasswordAuthenticationFilter@517b4560, org.springframework.security.web.authentication.ui.DefaultLoginPageGeneratingFilter@9543749, org.springframework.security.web.authentication.ui.DefaultLogoutPageGeneratingFilter@76111798, org.springframework.security.web.authentication.www.BasicAuthenticationFilter@30d91790, org.springframework.security.web.savedrequest.RequestCacheAwareFilter@5f01c8d6, org.springframework.security.web.servletapi.SecurityContextHolderAwareRequestFilter@78806679, org.springframework.security.web.authentication.AnonymousAuthenticationFilter@e0ceb5d, org.springframework.security.web.session.SessionManagementFilter@2c3bb3cb, org.springframework.security.web.access.ExceptionTranslationFilter@1e029cce, org.springframework.security.web.access.intercept.FilterSecurityInterceptor@5c28075e]
2020-04-16 21:55:57.467  INFO 22648 --- [    Test worker] o.s.b.t.m.w.SpringBootMockServletContext : Initializing Spring TestDispatcherServlet ''
2020-04-16 21:55:57.468  INFO 22648 --- [    Test worker] o.s.t.web.servlet.TestDispatcherServlet  : Initializing Servlet ''
2020-04-16 21:55:57.485  INFO 22648 --- [    Test worker] o.s.t.web.servlet.TestDispatcherServlet  : Completed initialization in 17 ms
2020-04-16 21:55:57.544  INFO 22648 --- [    Test worker] c.s.b.s.web.HelloControllerTest          : Started HelloControllerTest in 2.088 seconds (JVM running for 27.307)
]]></system-out>
  <system-err><![CDATA[]]></system-err>
</testsuite>
