<?xml version="1.0" encoding="UTF-8"?>
<testsuite name="com.susu.book.springboot.web.IndexControllerTest" tests="1" skipped="0" failures="0" errors="0" timestamp="2020-04-14T13:19:49" hostname="csw111" time="0.465">
  <properties/>
  <testcase name="메인페이지_로딩" classname="com.susu.book.springboot.web.IndexControllerTest" time="0.465"/>
  <system-out><![CDATA[2020-04-14 22:19:44.095  INFO 21716 --- [    Test worker] .b.t.c.SpringBootTestContextBootstrapper : Neither @ContextConfiguration nor @ContextHierarchy found for test class [com.susu.book.springboot.web.IndexControllerTest], using SpringBootContextLoader
2020-04-14 22:19:44.098  INFO 21716 --- [    Test worker] o.s.t.c.support.AbstractContextLoader    : Could not detect default resource locations for test class [com.susu.book.springboot.web.IndexControllerTest]: no resource found for suffixes {-context.xml, Context.groovy}.
2020-04-14 22:19:44.098  INFO 21716 --- [    Test worker] t.c.s.AnnotationConfigContextLoaderUtils : Could not detect default configuration classes for test class [com.susu.book.springboot.web.IndexControllerTest]: IndexControllerTest does not declare any static, non-private, non-final, nested classes annotated with @Configuration.
2020-04-14 22:19:44.116  INFO 21716 --- [    Test worker] .b.t.c.SpringBootTestContextBootstrapper : Found @SpringBootConfiguration com.susu.book.springboot.Application for test class com.susu.book.springboot.web.IndexControllerTest
2020-04-14 22:19:44.122  INFO 21716 --- [    Test worker] .b.t.c.SpringBootTestContextBootstrapper : Loaded default TestExecutionListener class names from location [META-INF/spring.factories]: [org.springframework.security.test.context.support.WithSecurityContextTestExecutionListener, org.springframework.security.test.context.support.ReactorContextTestExecutionListener, org.springframework.boot.test.autoconfigure.restdocs.RestDocsTestExecutionListener, org.springframework.boot.test.autoconfigure.web.client.MockRestServiceServerResetTestExecutionListener, org.springframework.boot.test.autoconfigure.web.servlet.MockMvcPrintOnlyOnFailureTestExecutionListener, org.springframework.boot.test.autoconfigure.web.servlet.WebDriverTestExecutionListener, org.springframework.boot.test.mock.mockito.MockitoTestExecutionListener, org.springframework.boot.test.mock.mockito.ResetMocksTestExecutionListener, org.springframework.test.context.web.ServletTestExecutionListener, org.springframework.test.context.support.DirtiesContextBeforeModesTestExecutionListener, org.springframework.test.context.support.DependencyInjectionTestExecutionListener, org.springframework.test.context.support.DirtiesContextTestExecutionListener, org.springframework.test.context.transaction.TransactionalTestExecutionListener, org.springframework.test.context.jdbc.SqlScriptsTestExecutionListener]
2020-04-14 22:19:44.125  INFO 21716 --- [    Test worker] .b.t.c.SpringBootTestContextBootstrapper : Using TestExecutionListeners: [org.springframework.test.context.web.ServletTestExecutionListener@8cb1272, org.springframework.test.context.support.DirtiesContextBeforeModesTestExecutionListener@6d750a05, org.springframework.boot.test.mock.mockito.MockitoTestExecutionListener@34c0e3c, org.springframework.boot.test.autoconfigure.SpringBootDependencyInjectionTestExecutionListener@68bf9c7c, org.springframework.test.context.support.DirtiesContextTestExecutionListener@38375b9b, org.springframework.test.context.transaction.TransactionalTestExecutionListener@7dd75bba, org.springframework.test.context.jdbc.SqlScriptsTestExecutionListener@1e0997d2, org.springframework.security.test.context.support.WithSecurityContextTestExecutionListener@a41b413, org.springframework.security.test.context.support.ReactorContextTestExecutionListener@828dd43, org.springframework.boot.test.autoconfigure.restdocs.RestDocsTestExecutionListener@4f654d77, org.springframework.boot.test.autoconfigure.web.client.MockRestServiceServerResetTestExecutionListener@1d80e44e, org.springframework.boot.test.autoconfigure.web.servlet.MockMvcPrintOnlyOnFailureTestExecutionListener@1a663ac1, org.springframework.boot.test.autoconfigure.web.servlet.WebDriverTestExecutionListener@546a2e0b, org.springframework.boot.test.mock.mockito.ResetMocksTestExecutionListener@3181df04]

  .   ____          _            __ _ _
 /\\ / ___'_ __ _ _(_)_ __  __ _ \ \ \ \
( ( )\___ | '_ | '_| | '_ \/ _` | \ \ \ \
 \\/  ___)| |_)| | | | | || (_| |  ) ) ) )
  '  |____| .__|_| |_|_| |_\__, | / / / /
 =========|_|==============|___/=/_/_/_/
 :: Spring Boot ::        (v2.1.7.RELEASE)

2020-04-14 22:19:44.283  INFO 21716 --- [    Test worker] c.s.b.s.web.IndexControllerTest          : Starting IndexControllerTest on csw111 with PID 21716 (started by sung in C:\Users\c\freelec-springboot-webservice)
2020-04-14 22:19:44.284  INFO 21716 --- [    Test worker] c.s.b.s.web.IndexControllerTest          : No active profile set, falling back to default profiles: default
2020-04-14 22:19:44.925  INFO 21716 --- [    Test worker] .s.d.r.c.RepositoryConfigurationDelegate : Bootstrapping Spring Data repositories in DEFAULT mode.
2020-04-14 22:19:45.000  INFO 21716 --- [    Test worker] .s.d.r.c.RepositoryConfigurationDelegate : Finished Spring Data repository scanning in 75ms. Found 2 repository interfaces.
2020-04-14 22:19:45.296  INFO 21716 --- [    Test worker] trationDelegate$BeanPostProcessorChecker : Bean 'org.springframework.transaction.annotation.ProxyTransactionManagementConfiguration' of type [org.springframework.transaction.annotation.ProxyTransactionManagementConfiguration$$EnhancerBySpringCGLIB$$33b7843] is not eligible for getting processed by all BeanPostProcessors (for example: not eligible for auto-proxying)
2020-04-14 22:19:45.959  INFO 21716 --- [    Test worker] o.s.b.w.embedded.tomcat.TomcatWebServer  : Tomcat initialized with port(s): 0 (http)
2020-04-14 22:19:46.030  INFO 21716 --- [    Test worker] o.apache.catalina.core.StandardService   : Starting service [Tomcat]
2020-04-14 22:19:46.031  INFO 21716 --- [    Test worker] org.apache.catalina.core.StandardEngine  : Starting Servlet engine: [Apache Tomcat/9.0.22]
2020-04-14 22:19:46.465  INFO 21716 --- [    Test worker] o.a.c.c.C.[Tomcat].[localhost].[/]       : Initializing Spring embedded WebApplicationContext
2020-04-14 22:19:46.470  INFO 21716 --- [    Test worker] o.s.web.context.ContextLoader            : Root WebApplicationContext: initialization completed in 2175 ms
2020-04-14 22:19:46.935  INFO 21716 --- [    Test worker] com.zaxxer.hikari.HikariDataSource       : HikariPool-2 - Starting...
2020-04-14 22:19:46.935  INFO 21716 --- [    Test worker] com.zaxxer.hikari.HikariDataSource       : HikariPool-2 - Start completed.
2020-04-14 22:19:47.035  INFO 21716 --- [    Test worker] o.hibernate.jpa.internal.util.LogHelper  : HHH000204: Processing PersistenceUnitInfo [
	name: default
	...]
2020-04-14 22:19:47.086  INFO 21716 --- [    Test worker] org.hibernate.dialect.Dialect            : HHH000400: Using dialect: org.hibernate.dialect.MySQL5InnoDBDialect
Hibernate: drop table if exists posts
Hibernate: drop table if exists user
Hibernate: create table posts (id bigint not null auto_increment, created_date datetime, modified_date datetime, author varchar(255), content TEXT not null, title varchar(500) not null, primary key (id)) engine=InnoDB
Hibernate: create table user (id bigint not null auto_increment, created_date datetime, modified_date datetime, email varchar(255) not null, name varchar(255) not null, picture varchar(255), role varchar(255) not null, primary key (id)) engine=InnoDB
2020-04-14 22:19:47.220  INFO 21716 --- [    Test worker] o.h.t.schema.internal.SchemaCreatorImpl  : HHH000476: Executing import script 'org.hibernate.tool.schema.internal.exec.ScriptSourceInputNonExistentImpl@6ee93bc3'
2020-04-14 22:19:47.220  INFO 21716 --- [    Test worker] j.LocalContainerEntityManagerFactoryBean : Initialized JPA EntityManagerFactory for persistence unit 'default'
2020-04-14 22:19:48.059  INFO 21716 --- [    Test worker] o.h.h.i.QueryTranslatorFactoryInitiator  : HHH000397: Using ASTQueryTranslatorFactory
2020-04-14 22:19:48.483  INFO 21716 --- [    Test worker] o.s.s.web.DefaultSecurityFilterChain     : Creating filter chain: any request, [org.springframework.security.web.context.request.async.WebAsyncManagerIntegrationFilter@1ff2d0d7, org.springframework.security.web.context.SecurityContextPersistenceFilter@dbd4614, org.springframework.security.web.header.HeaderWriterFilter@57d87bc6, org.springframework.security.web.authentication.logout.LogoutFilter@cc87bb, org.springframework.security.oauth2.client.web.OAuth2AuthorizationRequestRedirectFilter@c1f4b75, org.springframework.security.oauth2.client.web.OAuth2LoginAuthenticationFilter@759627c6, org.springframework.security.web.authentication.ui.DefaultLoginPageGeneratingFilter@67a6e0bd, org.springframework.security.web.authentication.ui.DefaultLogoutPageGeneratingFilter@4ac11251, org.springframework.security.web.savedrequest.RequestCacheAwareFilter@1a800e41, org.springframework.security.web.servletapi.SecurityContextHolderAwareRequestFilter@e92409c, org.springframework.security.web.authentication.AnonymousAuthenticationFilter@3cf3bc9f, org.springframework.security.web.session.SessionManagementFilter@57d840f, org.springframework.security.web.access.ExceptionTranslationFilter@24766b81, org.springframework.security.web.access.intercept.FilterSecurityInterceptor@379c4f4f]
2020-04-14 22:19:49.010  INFO 21716 --- [    Test worker] o.s.s.concurrent.ThreadPoolTaskExecutor  : Initializing ExecutorService 'applicationTaskExecutor'
2020-04-14 22:19:49.040  WARN 21716 --- [    Test worker] aWebConfiguration$JpaWebMvcConfiguration : spring.jpa.open-in-view is enabled by default. Therefore, database queries may be performed during view rendering. Explicitly configure spring.jpa.open-in-view to disable this warning
2020-04-14 22:19:49.112  INFO 21716 --- [    Test worker] o.s.b.a.w.s.WelcomePageHandlerMapping    : Adding welcome page template: index
2020-04-14 22:19:49.825  INFO 21716 --- [    Test worker] s.a.ScheduledAnnotationBeanPostProcessor : No TaskScheduler/ScheduledExecutorService bean found for scheduled processing
2020-04-14 22:19:49.875  INFO 21716 --- [    Test worker] o.s.b.w.embedded.tomcat.TomcatWebServer  : Tomcat started on port(s): 5640 (http) with context path ''
2020-04-14 22:19:49.879  INFO 21716 --- [    Test worker] c.s.b.s.web.IndexControllerTest          : Started IndexControllerTest in 5.747 seconds (JVM running for 30.634)
2020-04-14 22:19:50.118  INFO 21716 --- [o-auto-1-exec-1] o.a.c.c.C.[Tomcat].[localhost].[/]       : Initializing Spring DispatcherServlet 'dispatcherServlet'
2020-04-14 22:19:50.118  INFO 21716 --- [o-auto-1-exec-1] o.s.web.servlet.DispatcherServlet        : Initializing Servlet 'dispatcherServlet'
2020-04-14 22:19:50.158  INFO 21716 --- [o-auto-1-exec-1] o.s.web.servlet.DispatcherServlet        : Completed initialization in 40 ms
Hibernate: select posts0_.id as id1_0_, posts0_.created_date as created_2_0_, posts0_.modified_date as modified3_0_, posts0_.author as author4_0_, posts0_.content as content5_0_, posts0_.title as title6_0_ from posts posts0_ order by posts0_.id DESC
]]></system-out>
  <system-err><![CDATA[]]></system-err>
</testsuite>
